[main] INFO org.apache.hadoop.hdfs.server.blockmanagement.DatanodeManager - dfs.block.invalidate.limit=1000
[main] INFO org.apache.hadoop.hdfs.server.blockmanagement.DatanodeManager - dfs.namenode.datanode.registration.ip-hostname-check=true
[main] INFO org.apache.hadoop.hdfs.server.blockmanagement.BlockManager - dfs.namenode.startup.delay.block.deletion.sec is set to 000:00:00:00.000
[main] INFO org.apache.hadoop.hdfs.server.blockmanagement.BlockManager - The block deletion will start around 2017 Sep 04 04:49:47
[main] INFO org.apache.hadoop.hdfs.server.blockmanagement.BlockManager - dfs.block.access.token.enable=false
[main] INFO org.apache.hadoop.hdfs.server.blockmanagement.BlockManager - defaultReplication         = 3
[main] INFO org.apache.hadoop.hdfs.server.blockmanagement.BlockManager - maxReplication             = 512
[main] INFO org.apache.hadoop.hdfs.server.blockmanagement.BlockManager - minReplication             = 1
[main] INFO org.apache.hadoop.hdfs.server.blockmanagement.BlockManager - maxReplicationStreams      = 2
[main] INFO org.apache.hadoop.hdfs.server.blockmanagement.BlockManager - replicationRecheckInterval = 3000
[main] INFO org.apache.hadoop.hdfs.server.blockmanagement.BlockManager - encryptDataTransfer        = false
[main] INFO org.apache.hadoop.hdfs.server.blockmanagement.BlockManager - maxNumBlocksToLog          = 1000
[main] INFO org.apache.hadoop.hdfs.server.namenode.FSDirectory - POSIX ACL inheritance enabled? false
[main] INFO org.apache.hadoop.hdfs.server.namenode.NameNode - Caching file names occuring more than 10 times
[main] INFO org.apache.hadoop.hdfs.server.namenode.top.metrics.TopMetrics - NNTop conf: dfs.namenode.top.window.num.buckets = 10
[main] INFO org.apache.hadoop.hdfs.server.namenode.top.metrics.TopMetrics - NNTop conf: dfs.namenode.top.num.users = 10
[main] INFO org.apache.hadoop.hdfs.server.namenode.top.metrics.TopMetrics - NNTop conf: dfs.namenode.top.windows.minutes = 1,5,25
[main] INFO org.mortbay.log - Logging to org.slf4j.impl.SimpleLogger(org.mortbay.log) via org.mortbay.log.Slf4jLog
[main] INFO org.apache.hadoop.security.authentication.server.AuthenticationFilter - Unable to initialize FileSignerSecretProvider, falling back to use random secrets.
[main] INFO org.mortbay.log - jetty-6.1.26.cloudera.4
[main] INFO org.mortbay.log - Started HttpServer2$SelectChannelConnectorWithSafeStartup@0.0.0.0:50090
[SecondaryNameNode Status
Name Node Address      : master/172.24.0.2:8020
Start Time             : Mon Sep 04 04:49:46 UTC 2017
Last Checkpoint        : -- (3016 seconds ago)
Checkpoint Period      : 3600 seconds
Checkpoint Transactions: 1000000
Checkpoint Dirs        : [file:///tmp/hadoop-hdfs/dfs/namesecondary]
Checkpoint Edits Dirs  : [file:///tmp/hadoop-hdfs/dfs/namesecondary]] INFO org.apache.hadoop.hdfs.server.namenode.FSImageFormatProtobuf - Loaded FSImage in 0 seconds.
[FSImageSaver for /tmp/hadoop-hdfs/dfs/namesecondary of type IMAGE_AND_EDITS] INFO org.apache.hadoop.hdfs.server.namenode.FSImageFormatProtobuf - Saving image file /tmp/hadoop-hdfs/dfs/namesecondary/current/fsimage.ckpt_0000000000000000002 using no compression
[FSImageSaver for /tmp/hadoop-hdfs/dfs/namesecondary of type IMAGE_AND_EDITS] INFO org.apache.hadoop.hdfs.server.namenode.FSImageFormatProtobuf - Image file /tmp/hadoop-hdfs/dfs/namesecondary/current/fsimage.ckpt_0000000000000000002 of size 317 bytes saved in 0 seconds.
