[main] INFO org.apache.hadoop.hdfs.server.namenode.NameNode - STARTUP_MSG: 
/************************************************************
STARTUP_MSG: Starting NameNode
STARTUP_MSG:   user = hdfs
STARTUP_MSG:   host = b2861904699e/172.24.0.2
STARTUP_MSG:   args = []
STARTUP_MSG:   version = 2.6.0-cdh5.12.1
STARTUP_MSG:   classpath = /etc/hadoop/conf:/usr/lib/hadoop/lib/logredactor-1.0.3.jar:/usr/lib/hadoop/lib/jsch-0.1.42.jar:/usr/lib/hadoop/lib/azure-data-lake-store-sdk-2.1.4.jar:/usr/lib/hadoop/lib/slf4j-log4j12.jar:/usr/lib/hadoop/lib/apacheds-kerberos-codec-2.0.0-M15.jar:/usr/lib/hadoop/lib/stax-api-1.0-2.jar:/usr/lib/hadoop/lib/httpclient-4.2.5.jar:/usr/lib/hadoop/lib/commons-httpclient-3.1.jar:/usr/lib/hadoop/lib/netty-3.10.5.Final.jar:/usr/lib/hadoop/lib/commons-el-1.0.jar:/usr/lib/hadoop/lib/commons-cli-1.2.jar:/usr/lib/hadoop/lib/jetty-6.1.26.cloudera.4.jar:/usr/lib/hadoop/lib/protobuf-java-2.5.0.jar:/usr/lib/hadoop/lib/curator-recipes-2.7.1.jar:/usr/lib/hadoop/lib/jersey-json-1.9.jar:/usr/lib/hadoop/lib/commons-math3-3.1.1.jar:/usr/lib/hadoop/lib/junit-4.11.jar:/usr/lib/hadoop/lib/commons-lang-2.6.jar:/usr/lib/hadoop/lib/jackson-jaxrs-1.8.8.jar:/usr/lib/hadoop/lib/aws-java-sdk-bundle-1.11.134.jar:/usr/lib/hadoop/lib/jaxb-api-2.2.2.jar:/usr/lib/hadoop/lib/commons-configuration-1.6.jar:/usr/lib/hadoop/lib/guava-11.0.2.jar:/usr/lib/hadoop/lib/activation-1.1.jar:/usr/lib/hadoop/lib/log4j-1.2.17.jar:/usr/lib/hadoop/lib/servlet-api-2.5.jar:/usr/lib/hadoop/lib/jasper-runtime-5.5.23.jar:/usr/lib/hadoop/lib/api-util-1.0.0-M20.jar:/usr/lib/hadoop/lib/commons-collections-3.2.2.jar:/usr/lib/hadoop/lib/jets3t-0.9.0.jar:/usr/lib/hadoop/lib/jetty-util-6.1.26.cloudera.4.jar:/usr/lib/hadoop/lib/httpcore-4.2.5.jar:/usr/lib/hadoop/lib/jersey-server-1.9.jar:/usr/lib/hadoop/lib/commons-beanutils-core-1.8.0.jar:/usr/lib/hadoop/lib/jasper-compiler-5.5.23.jar:/usr/lib/hadoop/lib/jersey-core-1.9.jar:/usr/lib/hadoop/lib/mockito-all-1.8.5.jar:/usr/lib/hadoop/lib/asm-3.2.jar:/usr/lib/hadoop/lib/jsr305-3.0.0.jar:/usr/lib/hadoop/lib/gson-2.2.4.jar:/usr/lib/hadoop/lib/commons-net-3.1.jar:/usr/lib/hadoop/lib/jsp-api-2.1.jar:/usr/lib/hadoop/lib/commons-io-2.4.jar:/usr/lib/hadoop/lib/xmlenc-0.52.jar:/usr/lib/hadoop/lib/commons-beanutils-1.9.2.jar:/usr/lib/hadoop/lib/commons-logging-1.1.3.jar:/usr/lib/hadoop/lib/curator-framework-2.7.1.jar:/usr/lib/hadoop/lib/commons-codec-1.4.jar:/usr/lib/hadoop/lib/snappy-java-1.0.4.1.jar:/usr/lib/hadoop/lib/hamcrest-core-1.3.jar:/usr/lib/hadoop/lib/slf4j-api-1.7.5.jar:/usr/lib/hadoop/lib/avro.jar:/usr/lib/hadoop/lib/jaxb-impl-2.2.3-1.jar:/usr/lib/hadoop/lib/api-asn1-api-1.0.0-M20.jar:/usr/lib/hadoop/lib/jettison-1.1.jar:/usr/lib/hadoop/lib/paranamer-2.3.jar:/usr/lib/hadoop/lib/commons-compress-1.4.1.jar:/usr/lib/hadoop/lib/zookeeper.jar:/usr/lib/hadoop/lib/curator-client-2.7.1.jar:/usr/lib/hadoop/lib/xz-1.0.jar:/usr/lib/hadoop/lib/java-xmlbuilder-0.4.jar:/usr/lib/hadoop/lib/commons-digester-1.8.jar:/usr/lib/hadoop/lib/htrace-core4-4.0.1-incubating.jar:/usr/lib/hadoop/lib/apacheds-i18n-2.0.0-M15.jar:/usr/lib/hadoop/lib/jackson-xc-1.8.8.jar:/usr/lib/hadoop/.//hadoop-auth.jar:/usr/lib/hadoop/.//parquet-hadoop-bundle.jar:/usr/lib/hadoop/.//hadoop-common-tests.jar:/usr/lib/hadoop/.//parquet-hadoop.jar:/usr/lib/hadoop/.//parquet-pig.jar:/usr/lib/hadoop/.//parquet-pig-bundle.jar:/usr/lib/hadoop/.//parquet-column.jar:/usr/lib/hadoop/.//hadoop-nfs.jar:/usr/lib/hadoop/.//hadoop-auth-2.6.0-cdh5.12.1.jar:/usr/lib/hadoop/.//hadoop-annotations.jar:/usr/lib/hadoop/.//hadoop-common-2.6.0-cdh5.12.1.jar:/usr/lib/hadoop/.//parquet-jackson.jar:/usr/lib/hadoop/.//hadoop-aws.jar:/usr/lib/hadoop/.//parquet-format-javadoc.jar:/usr/lib/hadoop/.//hadoop-nfs-2.6.0-cdh5.12.1.jar:/usr/lib/hadoop/.//hadoop-aws-2.6.0-cdh5.12.1.jar:/usr/lib/hadoop/.//parquet-avro.jar:/usr/lib/hadoop/.//parquet-cascading.jar:/usr/lib/hadoop/.//parquet-thrift.jar:/usr/lib/hadoop/.//parquet-scrooge_2.10.jar:/usr/lib/hadoop/.//parquet-tools.jar:/usr/lib/hadoop/.//parquet-format.jar:/usr/lib/hadoop/.//hadoop-common.jar:/usr/lib/hadoop/.//hadoop-annotations-2.6.0-cdh5.12.1.jar:/usr/lib/hadoop/.//parquet-common.jar:/usr/lib/hadoop/.//hadoop-common-2.6.0-cdh5.12.1-tests.jar:/usr/lib/hadoop/.//parquet-test-hadoop2.jar:/usr/lib/hadoop/.//parquet-format-sources.jar:/usr/lib/hadoop/.//parquet-encoding.jar:/usr/lib/hadoop/.//hadoop-azure-datalake-2.6.0-cdh5.12.1.jar:/usr/lib/hadoop/.//hadoop-azure-datalake.jar:/usr/lib/hadoop/.//parquet-generator.jar:/usr/lib/hadoop/.//parquet-scala_2.10.jar:/usr/lib/hadoop/.//parquet-protobuf.jar:/usr/lib/hadoop-hdfs/./:/usr/lib/hadoop-hdfs/lib/netty-3.10.5.Final.jar:/usr/lib/hadoop-hdfs/lib/commons-el-1.0.jar:/usr/lib/hadoop-hdfs/lib/commons-cli-1.2.jar:/usr/lib/hadoop-hdfs/lib/jetty-6.1.26.cloudera.4.jar:/usr/lib/hadoop-hdfs/lib/protobuf-java-2.5.0.jar:/usr/lib/hadoop-hdfs/lib/commons-daemon-1.0.13.jar:/usr/lib/hadoop-hdfs/lib/commons-lang-2.6.jar:/usr/lib/hadoop-hdfs/lib/guava-11.0.2.jar:/usr/lib/hadoop-hdfs/lib/log4j-1.2.17.jar:/usr/lib/hadoop-hdfs/lib/servlet-api-2.5.jar:/usr/lib/hadoop-hdfs/lib/jackson-core-asl-1.8.8.jar:/usr/lib/hadoop-hdfs/lib/jasper-runtime-5.5.23.jar:/usr/lib/hadoop-hdfs/lib/jackson-mapper-asl-1.8.8.jar:/usr/lib/hadoop-hdfs/lib/xml-apis-1.3.04.jar:/usr/lib/hadoop-hdfs/lib/jetty-util-6.1.26.cloudera.4.jar:/usr/lib/hadoop-hdfs/lib/jersey-server-1.9.jar:/usr/lib/hadoop-hdfs/lib/jersey-core-1.9.jar:/usr/lib/hadoop-hdfs/lib/asm-3.2.jar:/usr/lib/hadoop-hdfs/lib/jsr305-3.0.0.jar:/usr/lib/hadoop-hdfs/lib/jsp-api-2.1.jar:/usr/lib/hadoop-hdfs/lib/commons-io-2.4.jar:/usr/lib/hadoop-hdfs/lib/xmlenc-0.52.jar:/usr/lib/hadoop-hdfs/lib/commons-logging-1.1.3.jar:/usr/lib/hadoop-hdfs/lib/commons-codec-1.4.jar:/usr/lib/hadoop-hdfs/lib/leveldbjni-all-1.8.jar:/usr/lib/hadoop-hdfs/lib/xercesImpl-2.9.1.jar:/usr/lib/hadoop-hdfs/lib/htrace-core4-4.0.1-incubating.jar:/usr/lib/hadoop-hdfs/.//hadoop-hdfs-nfs-2.6.0-cdh5.12.1.jar:/usr/lib/hadoop-hdfs/.//hadoop-hdfs.jar:/usr/lib/hadoop-hdfs/.//hadoop-hdfs-2.6.0-cdh5.12.1-tests.jar:/usr/lib/hadoop-hdfs/.//hadoop-hdfs-nfs.jar:/usr/lib/hadoop-hdfs/.//hadoop-hdfs-tests.jar:/usr/lib/hadoop-hdfs/.//hadoop-hdfs-2.6.0-cdh5.12.1.jar:/usr/lib/hadoop-yarn/lib/stax-api-1.0-2.jar:/usr/lib/hadoop-yarn/lib/commons-cli-1.2.jar:/usr/lib/hadoop-yarn/lib/jetty-6.1.26.cloudera.4.jar:/usr/lib/hadoop-yarn/lib/protobuf-java-2.5.0.jar:/usr/lib/hadoop-yarn/lib/jersey-json-1.9.jar:/usr/lib/hadoop-yarn/lib/guice-3.0.jar:/usr/lib/hadoop-yarn/lib/commons-lang-2.6.jar:/usr/lib/hadoop-yarn/lib/jackson-jaxrs-1.8.8.jar:/usr/lib/hadoop-yarn/lib/jaxb-api-2.2.2.jar:/usr/lib/hadoop-yarn/lib/guava-11.0.2.jar:/usr/lib/hadoop-yarn/lib/activation-1.1.jar:/usr/lib/hadoop-yarn/lib/jersey-guice-1.9.jar:/usr/lib/hadoop-yarn/lib/log4j-1.2.17.jar:/usr/lib/hadoop-yarn/lib/servlet-api-2.5.jar:/usr/lib/hadoop-yarn/lib/jackson-core-asl-1.8.8.jar:/usr/lib/hadoop-yarn/lib/jackson-mapper-asl-1.8.8.jar:/usr/lib/hadoop-yarn/lib/guice-servlet-3.0.jar:/usr/lib/hadoop-yarn/lib/commons-collections-3.2.2.jar:/usr/lib/hadoop-yarn/lib/jetty-util-6.1.26.cloudera.4.jar:/usr/lib/hadoop-yarn/lib/javax.inject-1.jar:/usr/lib/hadoop-yarn/lib/jersey-server-1.9.jar:/usr/lib/hadoop-yarn/lib/jersey-core-1.9.jar:/usr/lib/hadoop-yarn/lib/asm-3.2.jar:/usr/lib/hadoop-yarn/lib/jsr305-3.0.0.jar:/usr/lib/hadoop-yarn/lib/jline-2.11.jar:/usr/lib/hadoop-yarn/lib/commons-io-2.4.jar:/usr/lib/hadoop-yarn/lib/aopalliance-1.0.jar:/usr/lib/hadoop-yarn/lib/commons-logging-1.1.3.jar:/usr/lib/hadoop-yarn/lib/commons-codec-1.4.jar:/usr/lib/hadoop-yarn/lib/leveldbjni-all-1.8.jar:/usr/lib/hadoop-yarn/lib/jaxb-impl-2.2.3-1.jar:/usr/lib/hadoop-yarn/lib/jettison-1.1.jar:/usr/lib/hadoop-yarn/lib/commons-compress-1.4.1.jar:/usr/lib/hadoop-yarn/lib/zookeeper.jar:/usr/lib/hadoop-yarn/lib/xz-1.0.jar:/usr/lib/hadoop-yarn/lib/jersey-client-1.9.jar:/usr/lib/hadoop-yarn/lib/jackson-xc-1.8.8.jar:/usr/lib/hadoop-yarn/.//hadoop-yarn-server-common-2.6.0-cdh5.12.1.jar:/usr/lib/hadoop-yarn/.//hadoop-yarn-server-nodemanager.jar:/usr/lib/hadoop-yarn/.//hadoop-yarn-server-resourcemanager.jar:/usr/lib/hadoop-yarn/.//hadoop-yarn-server-tests-2.6.0-cdh5.12.1.jar:/usr/lib/hadoop-yarn/.//hadoop-yarn-common.jar:/usr/lib/hadoop-yarn/.//hadoop-yarn-server-common.jar:/usr/lib/hadoop-yarn/.//hadoop-yarn-client.jar:/usr/lib/hadoop-yarn/.//hadoop-yarn-client-2.6.0-cdh5.12.1.jar:/usr/lib/hadoop-yarn/.//hadoop-yarn-common-2.6.0-cdh5.12.1.jar:/usr/lib/hadoop-yarn/.//hadoop-yarn-applications-distributedshell.jar:/usr/lib/hadoop-yarn/.//hadoop-yarn-server-applicationhistoryservice-2.6.0-cdh5.12.1.jar:/usr/lib/hadoop-yarn/.//hadoop-yarn-server-web-proxy-2.6.0-cdh5.12.1.jar:/usr/lib/hadoop-yarn/.//hadoop-yarn-applications-unmanaged-am-launcher-2.6.0-cdh5.12.1.jar:/usr/lib/hadoop-yarn/.//hadoop-yarn-applications-distributedshell-2.6.0-cdh5.12.1.jar:/usr/lib/hadoop-yarn/.//hadoop-yarn-api-2.6.0-cdh5.12.1.jar:/usr/lib/hadoop-yarn/.//hadoop-yarn-server-nodemanager-2.6.0-cdh5.12.1.jar:/usr/lib/hadoop-yarn/.//hadoop-yarn-applications-unmanaged-am-launcher.jar:/usr/lib/hadoop-yarn/.//hadoop-yarn-api.jar:/usr/lib/hadoop-yarn/.//hadoop-yarn-server-applicationhistoryservice.jar:/usr/lib/hadoop-yarn/.//hadoop-yarn-server-tests.jar:/usr/lib/hadoop-yarn/.//hadoop-yarn-server-resourcemanager-2.6.0-cdh5.12.1.jar:/usr/lib/hadoop-yarn/.//hadoop-yarn-server-web-proxy.jar:/usr/lib/hadoop-yarn/.//hadoop-yarn-registry.jar:/usr/lib/hadoop-yarn/.//hadoop-yarn-registry-2.6.0-cdh5.12.1.jar:/usr/lib/hadoop-mapreduce/lib/netty-3.10.5.Final.jar:/usr/lib/hadoop-mapreduce/lib/protobuf-java-2.5.0.jar:/usr/lib/hadoop-mapreduce/lib/guice-3.0.jar:/usr/lib/hadoop-mapreduce/lib/junit-4.11.jar:/usr/lib/hadoop-mapreduce/lib/jersey-guice-1.9.jar:/usr/lib/hadoop-mapreduce/lib/log4j-1.2.17.jar:/usr/lib/hadoop-mapreduce/lib/jackson-core-asl-1.8.8.jar:/usr/lib/hadoop-mapreduce/lib/jackson-mapper-asl-1.8.8.jar:/usr/lib/hadoop-mapreduce/lib/guice-servlet-3.0.jar:/usr/lib/hadoop-mapreduce/lib/javax.inject-1.jar:/usr/lib/hadoop-mapreduce/lib/jersey-server-1.9.jar:/usr/lib/hadoop-mapreduce/lib/jersey-core-1.9.jar:/usr/lib/hadoop-mapreduce/lib/asm-3.2.jar:/usr/lib/hadoop-mapreduce/lib/commons-io-2.4.jar:/usr/lib/hadoop-mapreduce/lib/aopalliance-1.0.jar:/usr/lib/hadoop-mapreduce/lib/snappy-java-1.0.4.1.jar:/usr/lib/hadoop-mapreduce/lib/hamcrest-core-1.3.jar:/usr/lib/hadoop-mapreduce/lib/leveldbjni-all-1.8.jar:/usr/lib/hadoop-mapreduce/lib/avro.jar:/usr/lib/hadoop-mapreduce/lib/paranamer-2.3.jar:/usr/lib/hadoop-mapreduce/lib/commons-compress-1.4.1.jar:/usr/lib/hadoop-mapreduce/lib/xz-1.0.jar:/usr/lib/hadoop-mapreduce/.//hadoop-azure-2.6.0-cdh5.12.1.jar:/usr/lib/hadoop-mapreduce/.//jsch-0.1.42.jar:/usr/lib/hadoop-mapreduce/.//jackson-annotations-2.2.3.jar:/usr/lib/hadoop-mapreduce/.//hadoop-ant.jar:/usr/lib/hadoop-mapreduce/.//hadoop-sls-2.6.0-cdh5.12.1.jar:/usr/lib/hadoop-mapreduce/.//apacheds-kerberos-codec-2.0.0-M15.jar:/usr/lib/hadoop-mapreduce/.//hadoop-openstack.jar:/usr/lib/hadoop-mapreduce/.//stax-api-1.0-2.jar:/usr/lib/hadoop-mapreduce/.//hadoop-mapreduce-client-app-2.6.0-cdh5.12.1.jar:/usr/lib/hadoop-mapreduce/.//hadoop-auth.jar:/usr/lib/hadoop-mapreduce/.//jackson-core-2.2.3.jar:/usr/lib/hadoop-mapreduce/.//hadoop-datajoin.jar:/usr/lib/hadoop-mapreduce/.//httpclient-4.2.5.jar:/usr/lib/hadoop-mapreduce/.//hadoop-archive-logs-2.6.0-cdh5.12.1.jar:/usr/lib/hadoop-mapreduce/.//commons-httpclient-3.1.jar:/usr/lib/hadoop-mapreduce/.//hadoop-datajoin-2.6.0-cdh5.12.1.jar:/usr/lib/hadoop-mapreduce/.//commons-el-1.0.jar:/usr/lib/hadoop-mapreduce/.//commons-cli-1.2.jar:/usr/lib/hadoop-mapreduce/.//hadoop-streaming.jar:/usr/lib/hadoop-mapreduce/.//hadoop-archives-2.6.0-cdh5.12.1.jar:/usr/lib/hadoop-mapreduce/.//jetty-6.1.26.cloudera.4.jar:/usr/lib/hadoop-mapreduce/.//protobuf-java-2.5.0.jar:/usr/lib/hadoop-mapreduce/.//curator-recipes-2.7.1.jar:/usr/lib/hadoop-mapreduce/.//jersey-json-1.9.jar:/usr/lib/hadoop-mapreduce/.//hadoop-mapreduce-client-app.jar:/usr/lib/hadoop-mapreduce/.//commons-math3-3.1.1.jar:/usr/lib/hadoop-mapreduce/.//hadoop-mapreduce-client-hs-2.6.0-cdh5.12.1.jar:/usr/lib/hadoop-mapreduce/.//junit-4.11.jar:/usr/lib/hadoop-mapreduce/.//commons-lang-2.6.jar:/usr/lib/hadoop-mapreduce/.//jackson-jaxrs-1.8.8.jar:/usr/lib/hadoop-mapreduce/.//hadoop-mapreduce-client-jobclient-tests.jar:/usr/lib/hadoop-mapreduce/.//hadoop-mapreduce-client-jobclient.jar:/usr/lib/hadoop-mapreduce/.//hadoop-gridmix-2.6.0-cdh5.12.1.jar:/usr/lib/hadoop-mapreduce/.//jaxb-api-2.2.2.jar:/usr/lib/hadoop-mapreduce/.//commons-configuration-1.6.jar:/usr/lib/hadoop-mapreduce/.//guava-11.0.2.jar:/usr/lib/hadoop-mapreduce/.//activation-1.1.jar:/usr/lib/hadoop-mapreduce/.//log4j-1.2.17.jar:/usr/lib/hadoop-mapreduce/.//servlet-api-2.5.jar:/usr/lib/hadoop-mapreduce/.//jackson-core-asl-1.8.8.jar:/usr/lib/hadoop-mapreduce/.//jasper-runtime-5.5.23.jar:/usr/lib/hadoop-mapreduce/.//jackson-mapper-asl-1.8.8.jar:/usr/lib/hadoop-mapreduce/.//hadoop-gridmix.jar:/usr/lib/hadoop-mapreduce/.//hadoop-auth-2.6.0-cdh5.12.1.jar:/usr/lib/hadoop-mapreduce/.//hadoop-mapreduce-client-core-2.6.0-cdh5.12.1.jar:/usr/lib/hadoop-mapreduce/.//api-util-1.0.0-M20.jar:/usr/lib/hadoop-mapreduce/.//commons-collections-3.2.2.jar:/usr/lib/hadoop-mapreduce/.//jets3t-0.9.0.jar:/usr/lib/hadoop-mapreduce/.//jetty-util-6.1.26.cloudera.4.jar:/usr/lib/hadoop-mapreduce/.//hadoop-mapreduce-client-hs-plugins.jar:/usr/lib/hadoop-mapreduce/.//httpcore-4.2.5.jar:/usr/lib/hadoop-mapreduce/.//jersey-server-1.9.jar:/usr/lib/hadoop-mapreduce/.//hadoop-mapreduce-client-common.jar:/usr/lib/hadoop-mapreduce/.//commons-beanutils-core-1.8.0.jar:/usr/lib/hadoop-mapreduce/.//jasper-compiler-5.5.23.jar:/usr/lib/hadoop-mapreduce/.//hadoop-distcp.jar:/usr/lib/hadoop-mapreduce/.//hadoop-ant-2.6.0-cdh5.12.1.jar:/usr/lib/hadoop-mapreduce/.//hadoop-extras.jar:/usr/lib/hadoop-mapreduce/.//hadoop-mapreduce-client-nativetask-2.6.0-cdh5.12.1.jar:/usr/lib/hadoop-mapreduce/.//jersey-core-1.9.jar:/usr/lib/hadoop-mapreduce/.//hadoop-openstack-2.6.0-cdh5.12.1.jar:/usr/lib/hadoop-mapreduce/.//hadoop-mapreduce-client-shuffle-2.6.0-cdh5.12.1.jar:/usr/lib/hadoop-mapreduce/.//mockito-all-1.8.5.jar:/usr/lib/hadoop-mapreduce/.//hadoop-mapreduce-examples.jar:/usr/lib/hadoop-mapreduce/.//okio-1.4.0.jar:/usr/lib/hadoop-mapreduce/.//asm-3.2.jar:/usr/lib/hadoop-mapreduce/.//jsr305-3.0.0.jar:/usr/lib/hadoop-mapreduce/.//gson-2.2.4.jar:/usr/lib/hadoop-mapreduce/.//commons-net-3.1.jar:/usr/lib/hadoop-mapreduce/.//jsp-api-2.1.jar:/usr/lib/hadoop-mapreduce/.//metrics-core-3.0.2.jar:/usr/lib/hadoop-mapreduce/.//hadoop-mapreduce-client-jobclient-2.6.0-cdh5.12.1-tests.jar:/usr/lib/hadoop-mapreduce/.//hadoop-rumen-2.6.0-cdh5.12.1.jar:/usr/lib/hadoop-mapreduce/.//hadoop-mapreduce-client-shuffle.jar:/usr/lib/hadoop-mapreduce/.//commons-io-2.4.jar:/usr/lib/hadoop-mapreduce/.//xmlenc-0.52.jar:/usr/lib/hadoop-mapreduce/.//commons-beanutils-1.9.2.jar:/usr/lib/hadoop-mapreduce/.//hadoop-mapreduce-examples-2.6.0-cdh5.12.1.jar:/usr/lib/hadoop-mapreduce/.//hadoop-mapreduce-client-common-2.6.0-cdh5.12.1.jar:/usr/lib/hadoop-mapreduce/.//commons-logging-1.1.3.jar:/usr/lib/hadoop-mapreduce/.//hadoop-azure.jar:/usr/lib/hadoop-mapreduce/.//hadoop-archive-logs.jar:/usr/lib/hadoop-mapreduce/.//hadoop-mapreduce-client-hs.jar:/usr/lib/hadoop-mapreduce/.//microsoft-windowsazure-storage-sdk-0.6.0.jar:/usr/lib/hadoop-mapreduce/.//curator-framework-2.7.1.jar:/usr/lib/hadoop-mapreduce/.//hadoop-sls.jar:/usr/lib/hadoop-mapreduce/.//commons-codec-1.4.jar:/usr/lib/hadoop-mapreduce/.//snappy-java-1.0.4.1.jar:/usr/lib/hadoop-mapreduce/.//hamcrest-core-1.3.jar:/usr/lib/hadoop-mapreduce/.//hadoop-distcp-2.6.0-cdh5.12.1.jar:/usr/lib/hadoop-mapreduce/.//hadoop-mapreduce-client-jobclient-2.6.0-cdh5.12.1.jar:/usr/lib/hadoop-mapreduce/.//avro.jar:/usr/lib/hadoop-mapreduce/.//jaxb-impl-2.2.3-1.jar:/usr/lib/hadoop-mapreduce/.//api-asn1-api-1.0.0-M20.jar:/usr/lib/hadoop-mapreduce/.//hadoop-mapreduce-client-core.jar:/usr/lib/hadoop-mapreduce/.//jettison-1.1.jar:/usr/lib/hadoop-mapreduce/.//okhttp-2.4.0.jar:/usr/lib/hadoop-mapreduce/.//paranamer-2.3.jar:/usr/lib/hadoop-mapreduce/.//commons-compress-1.4.1.jar:/usr/lib/hadoop-mapreduce/.//jackson-databind-2.2.3.jar:/usr/lib/hadoop-mapreduce/.//zookeeper.jar:/usr/lib/hadoop-mapreduce/.//curator-client-2.7.1.jar:/usr/lib/hadoop-mapreduce/.//hadoop-rumen.jar:/usr/lib/hadoop-mapreduce/.//xz-1.0.jar:/usr/lib/hadoop-mapreduce/.//java-xmlbuilder-0.4.jar:/usr/lib/hadoop-mapreduce/.//hadoop-mapreduce-client-nativetask.jar:/usr/lib/hadoop-mapreduce/.//commons-digester-1.8.jar:/usr/lib/hadoop-mapreduce/.//htrace-core4-4.0.1-incubating.jar:/usr/lib/hadoop-mapreduce/.//hadoop-mapreduce-client-hs-plugins-2.6.0-cdh5.12.1.jar:/usr/lib/hadoop-mapreduce/.//apacheds-i18n-2.0.0-M15.jar:/usr/lib/hadoop-mapreduce/.//jackson-xc-1.8.8.jar:/usr/lib/hadoop-mapreduce/.//hadoop-extras-2.6.0-cdh5.12.1.jar:/usr/lib/hadoop-mapreduce/.//hadoop-streaming-2.6.0-cdh5.12.1.jar:/usr/lib/hadoop-mapreduce/.//hadoop-archives.jar::/usr/share/java/slf4j-simple.jar:/usr/share/java/slf4j-simple.jar:/usr/share/java/slf4j-simple.jar
STARTUP_MSG:   build = http://github.com/cloudera/hadoop -r 520d8b072e666e9f21d645ca6a5219fc37535a52 ; compiled by 'jenkins' on 2017-08-24T16:37Z
STARTUP_MSG:   java = 1.8.0_111
************************************************************/
[main] INFO org.apache.hadoop.hdfs.server.namenode.NameNode - registered UNIX signal handlers for [TERM, HUP, INT]
[main] INFO org.apache.hadoop.hdfs.server.namenode.NameNode - createNameNode []
[main] INFO org.apache.hadoop.hdfs.server.namenode.NameNode - fs.defaultFS is hdfs://master:8020
[main] INFO org.apache.hadoop.hdfs.server.namenode.NameNode - Clients are to use master:8020 to access this namenode/service.
[main] INFO org.mortbay.log - Logging to org.slf4j.impl.SimpleLogger(org.mortbay.log) via org.mortbay.log.Slf4jLog
[main] INFO org.apache.hadoop.security.authentication.server.AuthenticationFilter - Unable to initialize FileSignerSecretProvider, falling back to use random secrets.
[main] INFO org.mortbay.log - jetty-6.1.26.cloudera.4
[main] INFO org.mortbay.log - Started HttpServer2$SelectChannelConnectorWithSafeStartup@master:50070
[main] INFO org.apache.hadoop.hdfs.server.blockmanagement.DatanodeManager - dfs.block.invalidate.limit=1000
[main] INFO org.apache.hadoop.hdfs.server.blockmanagement.DatanodeManager - dfs.namenode.datanode.registration.ip-hostname-check=true
[main] INFO org.apache.hadoop.hdfs.server.blockmanagement.BlockManager - dfs.namenode.startup.delay.block.deletion.sec is set to 000:00:00:00.000
[main] INFO org.apache.hadoop.hdfs.server.blockmanagement.BlockManager - The block deletion will start around 2017 Sep 04 07:32:08
[main] INFO org.apache.hadoop.hdfs.server.blockmanagement.BlockManager - dfs.block.access.token.enable=false
[main] INFO org.apache.hadoop.hdfs.server.blockmanagement.BlockManager - defaultReplication         = 3
[main] INFO org.apache.hadoop.hdfs.server.blockmanagement.BlockManager - maxReplication             = 512
[main] INFO org.apache.hadoop.hdfs.server.blockmanagement.BlockManager - minReplication             = 1
[main] INFO org.apache.hadoop.hdfs.server.blockmanagement.BlockManager - maxReplicationStreams      = 2
[main] INFO org.apache.hadoop.hdfs.server.blockmanagement.BlockManager - replicationRecheckInterval = 3000
[main] INFO org.apache.hadoop.hdfs.server.blockmanagement.BlockManager - encryptDataTransfer        = false
[main] INFO org.apache.hadoop.hdfs.server.blockmanagement.BlockManager - maxNumBlocksToLog          = 1000
[main] INFO org.apache.hadoop.hdfs.server.namenode.FSDirectory - POSIX ACL inheritance enabled? false
[main] INFO org.apache.hadoop.hdfs.server.namenode.NameNode - Caching file names occuring more than 10 times
[main] INFO org.apache.hadoop.hdfs.server.namenode.top.metrics.TopMetrics - NNTop conf: dfs.namenode.top.window.num.buckets = 10
[main] INFO org.apache.hadoop.hdfs.server.namenode.top.metrics.TopMetrics - NNTop conf: dfs.namenode.top.num.users = 10
[main] INFO org.apache.hadoop.hdfs.server.namenode.top.metrics.TopMetrics - NNTop conf: dfs.namenode.top.windows.minutes = 1,5,25
[main] INFO org.apache.hadoop.hdfs.server.namenode.FSImageFormatProtobuf - Loaded FSImage in 0 seconds.
[FSImageSaver for /data/1/dfs/nn of type IMAGE_AND_EDITS] INFO org.apache.hadoop.hdfs.server.namenode.FSImageFormatProtobuf - Saving image file /data/1/dfs/nn/current/fsimage.ckpt_0000000000000000000 using no compression
[FSImageSaver for /data/1/dfs/nn of type IMAGE_AND_EDITS] INFO org.apache.hadoop.hdfs.server.namenode.FSImageFormatProtobuf - Image file /data/1/dfs/nn/current/fsimage.ckpt_0000000000000000000 of size 317 bytes saved in 0 seconds.
[main] INFO org.apache.hadoop.hdfs.server.namenode.NameNode - RPC server is binding to master:8020
[main] INFO org.apache.hadoop.hdfs.StateChange - STATE* Leaving safe mode after 1 secs
[main] INFO org.apache.hadoop.hdfs.StateChange - STATE* Network topology has 0 racks and 0 datanodes
[main] INFO org.apache.hadoop.hdfs.StateChange - STATE* UnderReplicatedBlocks has 0 blocks
[Replication Queue Initializer] INFO org.apache.hadoop.hdfs.server.blockmanagement.BlockManager - Total number of blocks            = 0
[Replication Queue Initializer] INFO org.apache.hadoop.hdfs.server.blockmanagement.BlockManager - Number of invalid blocks          = 0
[Replication Queue Initializer] INFO org.apache.hadoop.hdfs.server.blockmanagement.BlockManager - Number of under-replicated blocks = 0
[Replication Queue Initializer] INFO org.apache.hadoop.hdfs.server.blockmanagement.BlockManager - Number of  over-replicated blocks = 0
[Replication Queue Initializer] INFO org.apache.hadoop.hdfs.server.blockmanagement.BlockManager - Number of blocks being written    = 0
[Replication Queue Initializer] INFO org.apache.hadoop.hdfs.StateChange - STATE* Replication Queue initialization scan for invalid, over- and under-replicated blocks completed in 18 msec
[main] INFO org.apache.hadoop.hdfs.server.namenode.NameNode - NameNode RPC up at: master/172.24.0.2:8020
[CacheReplicationMonitor(1044409658)] INFO org.apache.hadoop.hdfs.server.blockmanagement.CacheReplicationMonitor - Starting CacheReplicationMonitor with interval 30000 milliseconds
[CacheReplicationMonitor(1044409658)] INFO org.apache.hadoop.hdfs.server.blockmanagement.CacheReplicationMonitor - Rescanning after 6868500 milliseconds
[CacheReplicationMonitor(1044409658)] INFO org.apache.hadoop.hdfs.server.blockmanagement.CacheReplicationMonitor - Scanned 0 directive(s) and 0 block(s) in 0 millisecond(s).
[IPC Server handler 1 on 8020] INFO org.apache.hadoop.hdfs.StateChange - BLOCK* registerDatanode: from DatanodeRegistration(172.24.0.3, datanodeUuid=2d97618d-47c5-4970-a384-8039f72afe4d, infoPort=50075, infoSecurePort=0, ipcPort=50020, storageInfo=lv=-56;cid=CID-b1802cbd-c52f-4b17-99f0-479e95352a53;nsid=1465559644;c=0) storage 2d97618d-47c5-4970-a384-8039f72afe4d
[IPC Server handler 1 on 8020] INFO org.apache.hadoop.net.NetworkTopology - Adding a new node: /default-rack/172.24.0.3:50010
[IPC Server handler 1 on 8020] INFO org.apache.hadoop.hdfs.server.blockmanagement.BlockReportLeaseManager - Registered DN 2d97618d-47c5-4970-a384-8039f72afe4d (172.24.0.3:50010).
[IPC Server handler 2 on 8020] INFO org.apache.hadoop.hdfs.server.blockmanagement.DatanodeDescriptor - Adding new storage ID DS-a02bb285-7258-4d8e-a715-7b7c2012a18b for DN 172.24.0.3:50010
[Block report processor] INFO BlockStateChange - BLOCK* processReport 0x41f8eaca98fb5ccf: Processing first storage report for DS-a02bb285-7258-4d8e-a715-7b7c2012a18b from datanode 2d97618d-47c5-4970-a384-8039f72afe4d
[Block report processor] INFO BlockStateChange - BLOCK* processReport 0x41f8eaca98fb5ccf: from storage DS-a02bb285-7258-4d8e-a715-7b7c2012a18b node DatanodeRegistration(172.24.0.3, datanodeUuid=2d97618d-47c5-4970-a384-8039f72afe4d, infoPort=50075, infoSecurePort=0, ipcPort=50020, storageInfo=lv=-56;cid=CID-b1802cbd-c52f-4b17-99f0-479e95352a53;nsid=1465559644;c=0), blocks: 0, hasStaleStorage: false, processing time: 2 msecs, invalidatedBlocks: 0
[IPC Server handler 1 on 8020] INFO org.apache.hadoop.hdfs.StateChange - BLOCK* registerDatanode: from DatanodeRegistration(172.24.0.4, datanodeUuid=036277e5-6b5c-4406-a2bf-401a441339cf, infoPort=50075, infoSecurePort=0, ipcPort=50020, storageInfo=lv=-56;cid=CID-b1802cbd-c52f-4b17-99f0-479e95352a53;nsid=1465559644;c=0) storage 036277e5-6b5c-4406-a2bf-401a441339cf
[IPC Server handler 1 on 8020] INFO org.apache.hadoop.net.NetworkTopology - Adding a new node: /default-rack/172.24.0.4:50010
[IPC Server handler 1 on 8020] INFO org.apache.hadoop.hdfs.server.blockmanagement.BlockReportLeaseManager - Registered DN 036277e5-6b5c-4406-a2bf-401a441339cf (172.24.0.4:50010).
[IPC Server handler 3 on 8020] INFO org.apache.hadoop.hdfs.server.blockmanagement.DatanodeDescriptor - Adding new storage ID DS-fb9c6605-7984-439a-b7b6-9c72e9c97cd6 for DN 172.24.0.4:50010
[Block report processor] INFO BlockStateChange - BLOCK* processReport 0x53913ca80026dda7: Processing first storage report for DS-fb9c6605-7984-439a-b7b6-9c72e9c97cd6 from datanode 036277e5-6b5c-4406-a2bf-401a441339cf
[Block report processor] INFO BlockStateChange - BLOCK* processReport 0x53913ca80026dda7: from storage DS-fb9c6605-7984-439a-b7b6-9c72e9c97cd6 node DatanodeRegistration(172.24.0.4, datanodeUuid=036277e5-6b5c-4406-a2bf-401a441339cf, infoPort=50075, infoSecurePort=0, ipcPort=50020, storageInfo=lv=-56;cid=CID-b1802cbd-c52f-4b17-99f0-479e95352a53;nsid=1465559644;c=0), blocks: 0, hasStaleStorage: false, processing time: 0 msecs, invalidatedBlocks: 0
[CacheReplicationMonitor(1044409658)] INFO org.apache.hadoop.hdfs.server.blockmanagement.CacheReplicationMonitor - Rescanning after 30001 milliseconds
[CacheReplicationMonitor(1044409658)] INFO org.apache.hadoop.hdfs.server.blockmanagement.CacheReplicationMonitor - Scanned 0 directive(s) and 0 block(s) in 4 millisecond(s).
[CacheReplicationMonitor(1044409658)] INFO org.apache.hadoop.hdfs.server.blockmanagement.CacheReplicationMonitor - Rescanning after 30002 milliseconds
[CacheReplicationMonitor(1044409658)] INFO org.apache.hadoop.hdfs.server.blockmanagement.CacheReplicationMonitor - Scanned 0 directive(s) and 0 block(s) in 2 millisecond(s).
[CacheReplicationMonitor(1044409658)] INFO org.apache.hadoop.hdfs.server.blockmanagement.CacheReplicationMonitor - Rescanning after 30001 milliseconds
[CacheReplicationMonitor(1044409658)] INFO org.apache.hadoop.hdfs.server.blockmanagement.CacheReplicationMonitor - Scanned 0 directive(s) and 0 block(s) in 2 millisecond(s).
[CacheReplicationMonitor(1044409658)] INFO org.apache.hadoop.hdfs.server.blockmanagement.CacheReplicationMonitor - Rescanning after 30001 milliseconds
[CacheReplicationMonitor(1044409658)] INFO org.apache.hadoop.hdfs.server.blockmanagement.CacheReplicationMonitor - Scanned 0 directive(s) and 0 block(s) in 3 millisecond(s).
[CacheReplicationMonitor(1044409658)] INFO org.apache.hadoop.hdfs.server.blockmanagement.CacheReplicationMonitor - Rescanning after 30001 milliseconds
[CacheReplicationMonitor(1044409658)] INFO org.apache.hadoop.hdfs.server.blockmanagement.CacheReplicationMonitor - Scanned 0 directive(s) and 0 block(s) in 1 millisecond(s).
[IPC Server handler 0 on 8020] WARN org.apache.hadoop.security.UserGroupInformation - PriviledgedActionException as:root (auth:SIMPLE) cause:org.apache.hadoop.security.AccessControlException: Non-super user cannot change owner
[CacheReplicationMonitor(1044409658)] INFO org.apache.hadoop.hdfs.server.blockmanagement.CacheReplicationMonitor - Rescanning after 30000 milliseconds
[CacheReplicationMonitor(1044409658)] INFO org.apache.hadoop.hdfs.server.blockmanagement.CacheReplicationMonitor - Scanned 0 directive(s) and 0 block(s) in 2 millisecond(s).
[CacheReplicationMonitor(1044409658)] INFO org.apache.hadoop.hdfs.server.blockmanagement.CacheReplicationMonitor - Rescanning after 30001 milliseconds
[CacheReplicationMonitor(1044409658)] INFO org.apache.hadoop.hdfs.server.blockmanagement.CacheReplicationMonitor - Scanned 0 directive(s) and 0 block(s) in 2 millisecond(s).
[CacheReplicationMonitor(1044409658)] INFO org.apache.hadoop.hdfs.server.blockmanagement.CacheReplicationMonitor - Rescanning after 30002 milliseconds
[CacheReplicationMonitor(1044409658)] INFO org.apache.hadoop.hdfs.server.blockmanagement.CacheReplicationMonitor - Scanned 0 directive(s) and 0 block(s) in 2 millisecond(s).
[CacheReplicationMonitor(1044409658)] INFO org.apache.hadoop.hdfs.server.blockmanagement.CacheReplicationMonitor - Rescanning after 30001 milliseconds
[CacheReplicationMonitor(1044409658)] INFO org.apache.hadoop.hdfs.server.blockmanagement.CacheReplicationMonitor - Scanned 0 directive(s) and 0 block(s) in 2 millisecond(s).
[CacheReplicationMonitor(1044409658)] INFO org.apache.hadoop.hdfs.server.blockmanagement.CacheReplicationMonitor - Rescanning after 30001 milliseconds
[CacheReplicationMonitor(1044409658)] INFO org.apache.hadoop.hdfs.server.blockmanagement.CacheReplicationMonitor - Scanned 0 directive(s) and 0 block(s) in 2 millisecond(s).
[CacheReplicationMonitor(1044409658)] INFO org.apache.hadoop.hdfs.server.blockmanagement.CacheReplicationMonitor - Rescanning after 30001 milliseconds
[CacheReplicationMonitor(1044409658)] INFO org.apache.hadoop.hdfs.server.blockmanagement.CacheReplicationMonitor - Scanned 0 directive(s) and 0 block(s) in 3 millisecond(s).
[CacheReplicationMonitor(1044409658)] INFO org.apache.hadoop.hdfs.server.blockmanagement.CacheReplicationMonitor - Rescanning after 30002 milliseconds
[CacheReplicationMonitor(1044409658)] INFO org.apache.hadoop.hdfs.server.blockmanagement.CacheReplicationMonitor - Scanned 0 directive(s) and 0 block(s) in 0 millisecond(s).
[CacheReplicationMonitor(1044409658)] INFO org.apache.hadoop.hdfs.server.blockmanagement.CacheReplicationMonitor - Rescanning after 30000 milliseconds
[CacheReplicationMonitor(1044409658)] INFO org.apache.hadoop.hdfs.server.blockmanagement.CacheReplicationMonitor - Scanned 0 directive(s) and 0 block(s) in 7 millisecond(s).
[CacheReplicationMonitor(1044409658)] INFO org.apache.hadoop.hdfs.server.blockmanagement.CacheReplicationMonitor - Rescanning after 30000 milliseconds
[CacheReplicationMonitor(1044409658)] INFO org.apache.hadoop.hdfs.server.blockmanagement.CacheReplicationMonitor - Scanned 0 directive(s) and 0 block(s) in 3 millisecond(s).
[CacheReplicationMonitor(1044409658)] INFO org.apache.hadoop.hdfs.server.blockmanagement.CacheReplicationMonitor - Rescanning after 30001 milliseconds
[CacheReplicationMonitor(1044409658)] INFO org.apache.hadoop.hdfs.server.blockmanagement.CacheReplicationMonitor - Scanned 0 directive(s) and 0 block(s) in 2 millisecond(s).
[CacheReplicationMonitor(1044409658)] INFO org.apache.hadoop.hdfs.server.blockmanagement.CacheReplicationMonitor - Rescanning after 30001 milliseconds
[CacheReplicationMonitor(1044409658)] INFO org.apache.hadoop.hdfs.server.blockmanagement.CacheReplicationMonitor - Scanned 0 directive(s) and 0 block(s) in 3 millisecond(s).
[CacheReplicationMonitor(1044409658)] INFO org.apache.hadoop.hdfs.server.blockmanagement.CacheReplicationMonitor - Rescanning after 30001 milliseconds
[CacheReplicationMonitor(1044409658)] INFO org.apache.hadoop.hdfs.server.blockmanagement.CacheReplicationMonitor - Scanned 0 directive(s) and 0 block(s) in 2 millisecond(s).
[CacheReplicationMonitor(1044409658)] INFO org.apache.hadoop.hdfs.server.blockmanagement.CacheReplicationMonitor - Rescanning after 30001 milliseconds
[CacheReplicationMonitor(1044409658)] INFO org.apache.hadoop.hdfs.server.blockmanagement.CacheReplicationMonitor - Scanned 0 directive(s) and 0 block(s) in 1 millisecond(s).
[CacheReplicationMonitor(1044409658)] INFO org.apache.hadoop.hdfs.server.blockmanagement.CacheReplicationMonitor - Rescanning after 30001 milliseconds
[CacheReplicationMonitor(1044409658)] INFO org.apache.hadoop.hdfs.server.blockmanagement.CacheReplicationMonitor - Scanned 0 directive(s) and 0 block(s) in 2 millisecond(s).
[StorageInfoMonitor] INFO org.apache.hadoop.hdfs.server.blockmanagement.BlockManager - StorageInfo TreeSet fill ratio DS-a02bb285-7258-4d8e-a715-7b7c2012a18b : 1.0
[StorageInfoMonitor] INFO org.apache.hadoop.hdfs.server.blockmanagement.BlockManager - StorageInfo TreeSet fill ratio DS-fb9c6605-7984-439a-b7b6-9c72e9c97cd6 : 1.0
[CacheReplicationMonitor(1044409658)] INFO org.apache.hadoop.hdfs.server.blockmanagement.CacheReplicationMonitor - Rescanning after 30001 milliseconds
[CacheReplicationMonitor(1044409658)] INFO org.apache.hadoop.hdfs.server.blockmanagement.CacheReplicationMonitor - Scanned 0 directive(s) and 0 block(s) in 2 millisecond(s).
[CacheReplicationMonitor(1044409658)] INFO org.apache.hadoop.hdfs.server.blockmanagement.CacheReplicationMonitor - Rescanning after 30001 milliseconds
[CacheReplicationMonitor(1044409658)] INFO org.apache.hadoop.hdfs.server.blockmanagement.CacheReplicationMonitor - Scanned 0 directive(s) and 0 block(s) in 3 millisecond(s).
[CacheReplicationMonitor(1044409658)] INFO org.apache.hadoop.hdfs.server.blockmanagement.CacheReplicationMonitor - Rescanning after 30002 milliseconds
[CacheReplicationMonitor(1044409658)] INFO org.apache.hadoop.hdfs.server.blockmanagement.CacheReplicationMonitor - Scanned 0 directive(s) and 0 block(s) in 2 millisecond(s).
[CacheReplicationMonitor(1044409658)] INFO org.apache.hadoop.hdfs.server.blockmanagement.CacheReplicationMonitor - Rescanning after 30002 milliseconds
[CacheReplicationMonitor(1044409658)] INFO org.apache.hadoop.hdfs.server.blockmanagement.CacheReplicationMonitor - Scanned 0 directive(s) and 0 block(s) in 2 millisecond(s).
[CacheReplicationMonitor(1044409658)] INFO org.apache.hadoop.hdfs.server.blockmanagement.CacheReplicationMonitor - Rescanning after 30002 milliseconds
[CacheReplicationMonitor(1044409658)] INFO org.apache.hadoop.hdfs.server.blockmanagement.CacheReplicationMonitor - Scanned 0 directive(s) and 0 block(s) in 2 millisecond(s).
[CacheReplicationMonitor(1044409658)] INFO org.apache.hadoop.hdfs.server.blockmanagement.CacheReplicationMonitor - Rescanning after 30001 milliseconds
[CacheReplicationMonitor(1044409658)] INFO org.apache.hadoop.hdfs.server.blockmanagement.CacheReplicationMonitor - Scanned 0 directive(s) and 0 block(s) in 3 millisecond(s).
[CacheReplicationMonitor(1044409658)] INFO org.apache.hadoop.hdfs.server.blockmanagement.CacheReplicationMonitor - Rescanning after 30002 milliseconds
[CacheReplicationMonitor(1044409658)] INFO org.apache.hadoop.hdfs.server.blockmanagement.CacheReplicationMonitor - Scanned 0 directive(s) and 0 block(s) in 2 millisecond(s).
[CacheReplicationMonitor(1044409658)] INFO org.apache.hadoop.hdfs.server.blockmanagement.CacheReplicationMonitor - Rescanning after 30002 milliseconds
[CacheReplicationMonitor(1044409658)] INFO org.apache.hadoop.hdfs.server.blockmanagement.CacheReplicationMonitor - Scanned 0 directive(s) and 0 block(s) in 2 millisecond(s).
[CacheReplicationMonitor(1044409658)] INFO org.apache.hadoop.hdfs.server.blockmanagement.CacheReplicationMonitor - Rescanning after 30002 milliseconds
[CacheReplicationMonitor(1044409658)] INFO org.apache.hadoop.hdfs.server.blockmanagement.CacheReplicationMonitor - Scanned 0 directive(s) and 0 block(s) in 3 millisecond(s).
