2017-09-04 18:15:01,781 INFO org.apache.hadoop.hdfs.server.namenode.NameNode: STARTUP_MSG: 
/************************************************************
STARTUP_MSG: Starting NameNode
STARTUP_MSG:   user = hdfs
STARTUP_MSG:   host = 064cbfef4787/172.24.0.2
STARTUP_MSG:   args = []
STARTUP_MSG:   version = 2.6.0-cdh5.12.1
STARTUP_MSG:   classpath = /etc/hadoop/conf:/usr/lib/hadoop/lib/logredactor-1.0.3.jar:/usr/lib/hadoop/lib/jsch-0.1.42.jar:/usr/lib/hadoop/lib/azure-data-lake-store-sdk-2.1.4.jar:/usr/lib/hadoop/lib/slf4j-log4j12.jar:/usr/lib/hadoop/lib/apacheds-kerberos-codec-2.0.0-M15.jar:/usr/lib/hadoop/lib/stax-api-1.0-2.jar:/usr/lib/hadoop/lib/httpclient-4.2.5.jar:/usr/lib/hadoop/lib/commons-httpclient-3.1.jar:/usr/lib/hadoop/lib/netty-3.10.5.Final.jar:/usr/lib/hadoop/lib/commons-el-1.0.jar:/usr/lib/hadoop/lib/commons-cli-1.2.jar:/usr/lib/hadoop/lib/jetty-6.1.26.cloudera.4.jar:/usr/lib/hadoop/lib/protobuf-java-2.5.0.jar:/usr/lib/hadoop/lib/curator-recipes-2.7.1.jar:/usr/lib/hadoop/lib/jersey-json-1.9.jar:/usr/lib/hadoop/lib/commons-math3-3.1.1.jar:/usr/lib/hadoop/lib/junit-4.11.jar:/usr/lib/hadoop/lib/commons-lang-2.6.jar:/usr/lib/hadoop/lib/jackson-jaxrs-1.8.8.jar:/usr/lib/hadoop/lib/aws-java-sdk-bundle-1.11.134.jar:/usr/lib/hadoop/lib/jaxb-api-2.2.2.jar:/usr/lib/hadoop/lib/commons-configuration-1.6.jar:/usr/lib/hadoop/lib/guava-11.0.2.jar:/usr/lib/hadoop/lib/activation-1.1.jar:/usr/lib/hadoop/lib/log4j-1.2.17.jar:/usr/lib/hadoop/lib/servlet-api-2.5.jar:/usr/lib/hadoop/lib/jasper-runtime-5.5.23.jar:/usr/lib/hadoop/lib/api-util-1.0.0-M20.jar:/usr/lib/hadoop/lib/commons-collections-3.2.2.jar:/usr/lib/hadoop/lib/jets3t-0.9.0.jar:/usr/lib/hadoop/lib/jetty-util-6.1.26.cloudera.4.jar:/usr/lib/hadoop/lib/httpcore-4.2.5.jar:/usr/lib/hadoop/lib/jersey-server-1.9.jar:/usr/lib/hadoop/lib/commons-beanutils-core-1.8.0.jar:/usr/lib/hadoop/lib/jasper-compiler-5.5.23.jar:/usr/lib/hadoop/lib/jersey-core-1.9.jar:/usr/lib/hadoop/lib/mockito-all-1.8.5.jar:/usr/lib/hadoop/lib/asm-3.2.jar:/usr/lib/hadoop/lib/jsr305-3.0.0.jar:/usr/lib/hadoop/lib/gson-2.2.4.jar:/usr/lib/hadoop/lib/commons-net-3.1.jar:/usr/lib/hadoop/lib/jsp-api-2.1.jar:/usr/lib/hadoop/lib/commons-io-2.4.jar:/usr/lib/hadoop/lib/xmlenc-0.52.jar:/usr/lib/hadoop/lib/commons-beanutils-1.9.2.jar:/usr/lib/hadoop/lib/commons-logging-1.1.3.jar:/usr/lib/hadoop/lib/curator-framework-2.7.1.jar:/usr/lib/hadoop/lib/commons-codec-1.4.jar:/usr/lib/hadoop/lib/snappy-java-1.0.4.1.jar:/usr/lib/hadoop/lib/hamcrest-core-1.3.jar:/usr/lib/hadoop/lib/slf4j-api-1.7.5.jar:/usr/lib/hadoop/lib/avro.jar:/usr/lib/hadoop/lib/jaxb-impl-2.2.3-1.jar:/usr/lib/hadoop/lib/api-asn1-api-1.0.0-M20.jar:/usr/lib/hadoop/lib/jettison-1.1.jar:/usr/lib/hadoop/lib/paranamer-2.3.jar:/usr/lib/hadoop/lib/commons-compress-1.4.1.jar:/usr/lib/hadoop/lib/zookeeper.jar:/usr/lib/hadoop/lib/curator-client-2.7.1.jar:/usr/lib/hadoop/lib/xz-1.0.jar:/usr/lib/hadoop/lib/java-xmlbuilder-0.4.jar:/usr/lib/hadoop/lib/commons-digester-1.8.jar:/usr/lib/hadoop/lib/htrace-core4-4.0.1-incubating.jar:/usr/lib/hadoop/lib/apacheds-i18n-2.0.0-M15.jar:/usr/lib/hadoop/lib/jackson-xc-1.8.8.jar:/usr/lib/hadoop/.//hadoop-auth.jar:/usr/lib/hadoop/.//parquet-hadoop-bundle.jar:/usr/lib/hadoop/.//hadoop-common-tests.jar:/usr/lib/hadoop/.//parquet-hadoop.jar:/usr/lib/hadoop/.//parquet-pig.jar:/usr/lib/hadoop/.//parquet-pig-bundle.jar:/usr/lib/hadoop/.//parquet-column.jar:/usr/lib/hadoop/.//hadoop-nfs.jar:/usr/lib/hadoop/.//hadoop-auth-2.6.0-cdh5.12.1.jar:/usr/lib/hadoop/.//hadoop-annotations.jar:/usr/lib/hadoop/.//hadoop-common-2.6.0-cdh5.12.1.jar:/usr/lib/hadoop/.//parquet-jackson.jar:/usr/lib/hadoop/.//hadoop-aws.jar:/usr/lib/hadoop/.//parquet-format-javadoc.jar:/usr/lib/hadoop/.//hadoop-nfs-2.6.0-cdh5.12.1.jar:/usr/lib/hadoop/.//hadoop-aws-2.6.0-cdh5.12.1.jar:/usr/lib/hadoop/.//parquet-avro.jar:/usr/lib/hadoop/.//parquet-cascading.jar:/usr/lib/hadoop/.//parquet-thrift.jar:/usr/lib/hadoop/.//parquet-scrooge_2.10.jar:/usr/lib/hadoop/.//parquet-tools.jar:/usr/lib/hadoop/.//parquet-format.jar:/usr/lib/hadoop/.//hadoop-common.jar:/usr/lib/hadoop/.//hadoop-annotations-2.6.0-cdh5.12.1.jar:/usr/lib/hadoop/.//parquet-common.jar:/usr/lib/hadoop/.//hadoop-common-2.6.0-cdh5.12.1-tests.jar:/usr/lib/hadoop/.//parquet-test-hadoop2.jar:/usr/lib/hadoop/.//parquet-format-sources.jar:/usr/lib/hadoop/.//parquet-encoding.jar:/usr/lib/hadoop/.//hadoop-azure-datalake-2.6.0-cdh5.12.1.jar:/usr/lib/hadoop/.//hadoop-azure-datalake.jar:/usr/lib/hadoop/.//parquet-generator.jar:/usr/lib/hadoop/.//parquet-scala_2.10.jar:/usr/lib/hadoop/.//parquet-protobuf.jar:/usr/lib/hadoop-hdfs/./:/usr/lib/hadoop-hdfs/lib/netty-3.10.5.Final.jar:/usr/lib/hadoop-hdfs/lib/commons-el-1.0.jar:/usr/lib/hadoop-hdfs/lib/commons-cli-1.2.jar:/usr/lib/hadoop-hdfs/lib/jetty-6.1.26.cloudera.4.jar:/usr/lib/hadoop-hdfs/lib/protobuf-java-2.5.0.jar:/usr/lib/hadoop-hdfs/lib/commons-daemon-1.0.13.jar:/usr/lib/hadoop-hdfs/lib/commons-lang-2.6.jar:/usr/lib/hadoop-hdfs/lib/guava-11.0.2.jar:/usr/lib/hadoop-hdfs/lib/log4j-1.2.17.jar:/usr/lib/hadoop-hdfs/lib/servlet-api-2.5.jar:/usr/lib/hadoop-hdfs/lib/jackson-core-asl-1.8.8.jar:/usr/lib/hadoop-hdfs/lib/jasper-runtime-5.5.23.jar:/usr/lib/hadoop-hdfs/lib/jackson-mapper-asl-1.8.8.jar:/usr/lib/hadoop-hdfs/lib/xml-apis-1.3.04.jar:/usr/lib/hadoop-hdfs/lib/jetty-util-6.1.26.cloudera.4.jar:/usr/lib/hadoop-hdfs/lib/jersey-server-1.9.jar:/usr/lib/hadoop-hdfs/lib/jersey-core-1.9.jar:/usr/lib/hadoop-hdfs/lib/asm-3.2.jar:/usr/lib/hadoop-hdfs/lib/jsr305-3.0.0.jar:/usr/lib/hadoop-hdfs/lib/jsp-api-2.1.jar:/usr/lib/hadoop-hdfs/lib/commons-io-2.4.jar:/usr/lib/hadoop-hdfs/lib/xmlenc-0.52.jar:/usr/lib/hadoop-hdfs/lib/commons-logging-1.1.3.jar:/usr/lib/hadoop-hdfs/lib/commons-codec-1.4.jar:/usr/lib/hadoop-hdfs/lib/leveldbjni-all-1.8.jar:/usr/lib/hadoop-hdfs/lib/xercesImpl-2.9.1.jar:/usr/lib/hadoop-hdfs/lib/htrace-core4-4.0.1-incubating.jar:/usr/lib/hadoop-hdfs/.//hadoop-hdfs-nfs-2.6.0-cdh5.12.1.jar:/usr/lib/hadoop-hdfs/.//hadoop-hdfs.jar:/usr/lib/hadoop-hdfs/.//hadoop-hdfs-2.6.0-cdh5.12.1-tests.jar:/usr/lib/hadoop-hdfs/.//hadoop-hdfs-nfs.jar:/usr/lib/hadoop-hdfs/.//hadoop-hdfs-tests.jar:/usr/lib/hadoop-hdfs/.//hadoop-hdfs-2.6.0-cdh5.12.1.jar:/usr/lib/hadoop-yarn/lib/stax-api-1.0-2.jar:/usr/lib/hadoop-yarn/lib/commons-cli-1.2.jar:/usr/lib/hadoop-yarn/lib/jetty-6.1.26.cloudera.4.jar:/usr/lib/hadoop-yarn/lib/protobuf-java-2.5.0.jar:/usr/lib/hadoop-yarn/lib/jersey-json-1.9.jar:/usr/lib/hadoop-yarn/lib/guice-3.0.jar:/usr/lib/hadoop-yarn/lib/commons-lang-2.6.jar:/usr/lib/hadoop-yarn/lib/jackson-jaxrs-1.8.8.jar:/usr/lib/hadoop-yarn/lib/jaxb-api-2.2.2.jar:/usr/lib/hadoop-yarn/lib/guava-11.0.2.jar:/usr/lib/hadoop-yarn/lib/activation-1.1.jar:/usr/lib/hadoop-yarn/lib/jersey-guice-1.9.jar:/usr/lib/hadoop-yarn/lib/log4j-1.2.17.jar:/usr/lib/hadoop-yarn/lib/servlet-api-2.5.jar:/usr/lib/hadoop-yarn/lib/jackson-core-asl-1.8.8.jar:/usr/lib/hadoop-yarn/lib/jackson-mapper-asl-1.8.8.jar:/usr/lib/hadoop-yarn/lib/guice-servlet-3.0.jar:/usr/lib/hadoop-yarn/lib/commons-collections-3.2.2.jar:/usr/lib/hadoop-yarn/lib/jetty-util-6.1.26.cloudera.4.jar:/usr/lib/hadoop-yarn/lib/javax.inject-1.jar:/usr/lib/hadoop-yarn/lib/jersey-server-1.9.jar:/usr/lib/hadoop-yarn/lib/jersey-core-1.9.jar:/usr/lib/hadoop-yarn/lib/asm-3.2.jar:/usr/lib/hadoop-yarn/lib/jsr305-3.0.0.jar:/usr/lib/hadoop-yarn/lib/jline-2.11.jar:/usr/lib/hadoop-yarn/lib/commons-io-2.4.jar:/usr/lib/hadoop-yarn/lib/aopalliance-1.0.jar:/usr/lib/hadoop-yarn/lib/commons-logging-1.1.3.jar:/usr/lib/hadoop-yarn/lib/commons-codec-1.4.jar:/usr/lib/hadoop-yarn/lib/leveldbjni-all-1.8.jar:/usr/lib/hadoop-yarn/lib/jaxb-impl-2.2.3-1.jar:/usr/lib/hadoop-yarn/lib/jettison-1.1.jar:/usr/lib/hadoop-yarn/lib/commons-compress-1.4.1.jar:/usr/lib/hadoop-yarn/lib/zookeeper.jar:/usr/lib/hadoop-yarn/lib/xz-1.0.jar:/usr/lib/hadoop-yarn/lib/jersey-client-1.9.jar:/usr/lib/hadoop-yarn/lib/jackson-xc-1.8.8.jar:/usr/lib/hadoop-yarn/.//hadoop-yarn-server-common-2.6.0-cdh5.12.1.jar:/usr/lib/hadoop-yarn/.//hadoop-yarn-server-nodemanager.jar:/usr/lib/hadoop-yarn/.//hadoop-yarn-server-resourcemanager.jar:/usr/lib/hadoop-yarn/.//hadoop-yarn-server-tests-2.6.0-cdh5.12.1.jar:/usr/lib/hadoop-yarn/.//hadoop-yarn-common.jar:/usr/lib/hadoop-yarn/.//hadoop-yarn-server-common.jar:/usr/lib/hadoop-yarn/.//hadoop-yarn-client.jar:/usr/lib/hadoop-yarn/.//hadoop-yarn-client-2.6.0-cdh5.12.1.jar:/usr/lib/hadoop-yarn/.//hadoop-yarn-common-2.6.0-cdh5.12.1.jar:/usr/lib/hadoop-yarn/.//hadoop-yarn-applications-distributedshell.jar:/usr/lib/hadoop-yarn/.//hadoop-yarn-server-applicationhistoryservice-2.6.0-cdh5.12.1.jar:/usr/lib/hadoop-yarn/.//hadoop-yarn-server-web-proxy-2.6.0-cdh5.12.1.jar:/usr/lib/hadoop-yarn/.//hadoop-yarn-applications-unmanaged-am-launcher-2.6.0-cdh5.12.1.jar:/usr/lib/hadoop-yarn/.//hadoop-yarn-applications-distributedshell-2.6.0-cdh5.12.1.jar:/usr/lib/hadoop-yarn/.//hadoop-yarn-api-2.6.0-cdh5.12.1.jar:/usr/lib/hadoop-yarn/.//hadoop-yarn-server-nodemanager-2.6.0-cdh5.12.1.jar:/usr/lib/hadoop-yarn/.//hadoop-yarn-applications-unmanaged-am-launcher.jar:/usr/lib/hadoop-yarn/.//hadoop-yarn-api.jar:/usr/lib/hadoop-yarn/.//hadoop-yarn-server-applicationhistoryservice.jar:/usr/lib/hadoop-yarn/.//hadoop-yarn-server-tests.jar:/usr/lib/hadoop-yarn/.//hadoop-yarn-server-resourcemanager-2.6.0-cdh5.12.1.jar:/usr/lib/hadoop-yarn/.//hadoop-yarn-server-web-proxy.jar:/usr/lib/hadoop-yarn/.//hadoop-yarn-registry.jar:/usr/lib/hadoop-yarn/.//hadoop-yarn-registry-2.6.0-cdh5.12.1.jar:/usr/lib/hadoop-mapreduce/lib/netty-3.10.5.Final.jar:/usr/lib/hadoop-mapreduce/lib/protobuf-java-2.5.0.jar:/usr/lib/hadoop-mapreduce/lib/guice-3.0.jar:/usr/lib/hadoop-mapreduce/lib/junit-4.11.jar:/usr/lib/hadoop-mapreduce/lib/jersey-guice-1.9.jar:/usr/lib/hadoop-mapreduce/lib/log4j-1.2.17.jar:/usr/lib/hadoop-mapreduce/lib/jackson-core-asl-1.8.8.jar:/usr/lib/hadoop-mapreduce/lib/jackson-mapper-asl-1.8.8.jar:/usr/lib/hadoop-mapreduce/lib/guice-servlet-3.0.jar:/usr/lib/hadoop-mapreduce/lib/javax.inject-1.jar:/usr/lib/hadoop-mapreduce/lib/jersey-server-1.9.jar:/usr/lib/hadoop-mapreduce/lib/jersey-core-1.9.jar:/usr/lib/hadoop-mapreduce/lib/asm-3.2.jar:/usr/lib/hadoop-mapreduce/lib/commons-io-2.4.jar:/usr/lib/hadoop-mapreduce/lib/aopalliance-1.0.jar:/usr/lib/hadoop-mapreduce/lib/snappy-java-1.0.4.1.jar:/usr/lib/hadoop-mapreduce/lib/hamcrest-core-1.3.jar:/usr/lib/hadoop-mapreduce/lib/leveldbjni-all-1.8.jar:/usr/lib/hadoop-mapreduce/lib/avro.jar:/usr/lib/hadoop-mapreduce/lib/paranamer-2.3.jar:/usr/lib/hadoop-mapreduce/lib/commons-compress-1.4.1.jar:/usr/lib/hadoop-mapreduce/lib/xz-1.0.jar:/usr/lib/hadoop-mapreduce/.//hadoop-azure-2.6.0-cdh5.12.1.jar:/usr/lib/hadoop-mapreduce/.//jsch-0.1.42.jar:/usr/lib/hadoop-mapreduce/.//jackson-annotations-2.2.3.jar:/usr/lib/hadoop-mapreduce/.//hadoop-ant.jar:/usr/lib/hadoop-mapreduce/.//hadoop-sls-2.6.0-cdh5.12.1.jar:/usr/lib/hadoop-mapreduce/.//apacheds-kerberos-codec-2.0.0-M15.jar:/usr/lib/hadoop-mapreduce/.//hadoop-openstack.jar:/usr/lib/hadoop-mapreduce/.//stax-api-1.0-2.jar:/usr/lib/hadoop-mapreduce/.//hadoop-mapreduce-client-app-2.6.0-cdh5.12.1.jar:/usr/lib/hadoop-mapreduce/.//hadoop-auth.jar:/usr/lib/hadoop-mapreduce/.//jackson-core-2.2.3.jar:/usr/lib/hadoop-mapreduce/.//hadoop-datajoin.jar:/usr/lib/hadoop-mapreduce/.//httpclient-4.2.5.jar:/usr/lib/hadoop-mapreduce/.//hadoop-archive-logs-2.6.0-cdh5.12.1.jar:/usr/lib/hadoop-mapreduce/.//commons-httpclient-3.1.jar:/usr/lib/hadoop-mapreduce/.//hadoop-datajoin-2.6.0-cdh5.12.1.jar:/usr/lib/hadoop-mapreduce/.//commons-el-1.0.jar:/usr/lib/hadoop-mapreduce/.//commons-cli-1.2.jar:/usr/lib/hadoop-mapreduce/.//hadoop-streaming.jar:/usr/lib/hadoop-mapreduce/.//hadoop-archives-2.6.0-cdh5.12.1.jar:/usr/lib/hadoop-mapreduce/.//jetty-6.1.26.cloudera.4.jar:/usr/lib/hadoop-mapreduce/.//protobuf-java-2.5.0.jar:/usr/lib/hadoop-mapreduce/.//curator-recipes-2.7.1.jar:/usr/lib/hadoop-mapreduce/.//jersey-json-1.9.jar:/usr/lib/hadoop-mapreduce/.//hadoop-mapreduce-client-app.jar:/usr/lib/hadoop-mapreduce/.//commons-math3-3.1.1.jar:/usr/lib/hadoop-mapreduce/.//hadoop-mapreduce-client-hs-2.6.0-cdh5.12.1.jar:/usr/lib/hadoop-mapreduce/.//junit-4.11.jar:/usr/lib/hadoop-mapreduce/.//commons-lang-2.6.jar:/usr/lib/hadoop-mapreduce/.//jackson-jaxrs-1.8.8.jar:/usr/lib/hadoop-mapreduce/.//hadoop-mapreduce-client-jobclient-tests.jar:/usr/lib/hadoop-mapreduce/.//hadoop-mapreduce-client-jobclient.jar:/usr/lib/hadoop-mapreduce/.//hadoop-gridmix-2.6.0-cdh5.12.1.jar:/usr/lib/hadoop-mapreduce/.//jaxb-api-2.2.2.jar:/usr/lib/hadoop-mapreduce/.//commons-configuration-1.6.jar:/usr/lib/hadoop-mapreduce/.//guava-11.0.2.jar:/usr/lib/hadoop-mapreduce/.//activation-1.1.jar:/usr/lib/hadoop-mapreduce/.//log4j-1.2.17.jar:/usr/lib/hadoop-mapreduce/.//servlet-api-2.5.jar:/usr/lib/hadoop-mapreduce/.//jackson-core-asl-1.8.8.jar:/usr/lib/hadoop-mapreduce/.//jasper-runtime-5.5.23.jar:/usr/lib/hadoop-mapreduce/.//jackson-mapper-asl-1.8.8.jar:/usr/lib/hadoop-mapreduce/.//hadoop-gridmix.jar:/usr/lib/hadoop-mapreduce/.//hadoop-auth-2.6.0-cdh5.12.1.jar:/usr/lib/hadoop-mapreduce/.//hadoop-mapreduce-client-core-2.6.0-cdh5.12.1.jar:/usr/lib/hadoop-mapreduce/.//api-util-1.0.0-M20.jar:/usr/lib/hadoop-mapreduce/.//commons-collections-3.2.2.jar:/usr/lib/hadoop-mapreduce/.//jets3t-0.9.0.jar:/usr/lib/hadoop-mapreduce/.//jetty-util-6.1.26.cloudera.4.jar:/usr/lib/hadoop-mapreduce/.//hadoop-mapreduce-client-hs-plugins.jar:/usr/lib/hadoop-mapreduce/.//httpcore-4.2.5.jar:/usr/lib/hadoop-mapreduce/.//jersey-server-1.9.jar:/usr/lib/hadoop-mapreduce/.//hadoop-mapreduce-client-common.jar:/usr/lib/hadoop-mapreduce/.//commons-beanutils-core-1.8.0.jar:/usr/lib/hadoop-mapreduce/.//jasper-compiler-5.5.23.jar:/usr/lib/hadoop-mapreduce/.//hadoop-distcp.jar:/usr/lib/hadoop-mapreduce/.//hadoop-ant-2.6.0-cdh5.12.1.jar:/usr/lib/hadoop-mapreduce/.//hadoop-extras.jar:/usr/lib/hadoop-mapreduce/.//hadoop-mapreduce-client-nativetask-2.6.0-cdh5.12.1.jar:/usr/lib/hadoop-mapreduce/.//jersey-core-1.9.jar:/usr/lib/hadoop-mapreduce/.//hadoop-openstack-2.6.0-cdh5.12.1.jar:/usr/lib/hadoop-mapreduce/.//hadoop-mapreduce-client-shuffle-2.6.0-cdh5.12.1.jar:/usr/lib/hadoop-mapreduce/.//mockito-all-1.8.5.jar:/usr/lib/hadoop-mapreduce/.//hadoop-mapreduce-examples.jar:/usr/lib/hadoop-mapreduce/.//okio-1.4.0.jar:/usr/lib/hadoop-mapreduce/.//asm-3.2.jar:/usr/lib/hadoop-mapreduce/.//jsr305-3.0.0.jar:/usr/lib/hadoop-mapreduce/.//gson-2.2.4.jar:/usr/lib/hadoop-mapreduce/.//commons-net-3.1.jar:/usr/lib/hadoop-mapreduce/.//jsp-api-2.1.jar:/usr/lib/hadoop-mapreduce/.//metrics-core-3.0.2.jar:/usr/lib/hadoop-mapreduce/.//hadoop-mapreduce-client-jobclient-2.6.0-cdh5.12.1-tests.jar:/usr/lib/hadoop-mapreduce/.//hadoop-rumen-2.6.0-cdh5.12.1.jar:/usr/lib/hadoop-mapreduce/.//hadoop-mapreduce-client-shuffle.jar:/usr/lib/hadoop-mapreduce/.//commons-io-2.4.jar:/usr/lib/hadoop-mapreduce/.//xmlenc-0.52.jar:/usr/lib/hadoop-mapreduce/.//commons-beanutils-1.9.2.jar:/usr/lib/hadoop-mapreduce/.//hadoop-mapreduce-examples-2.6.0-cdh5.12.1.jar:/usr/lib/hadoop-mapreduce/.//hadoop-mapreduce-client-common-2.6.0-cdh5.12.1.jar:/usr/lib/hadoop-mapreduce/.//commons-logging-1.1.3.jar:/usr/lib/hadoop-mapreduce/.//hadoop-azure.jar:/usr/lib/hadoop-mapreduce/.//hadoop-archive-logs.jar:/usr/lib/hadoop-mapreduce/.//hadoop-mapreduce-client-hs.jar:/usr/lib/hadoop-mapreduce/.//microsoft-windowsazure-storage-sdk-0.6.0.jar:/usr/lib/hadoop-mapreduce/.//curator-framework-2.7.1.jar:/usr/lib/hadoop-mapreduce/.//hadoop-sls.jar:/usr/lib/hadoop-mapreduce/.//commons-codec-1.4.jar:/usr/lib/hadoop-mapreduce/.//snappy-java-1.0.4.1.jar:/usr/lib/hadoop-mapreduce/.//hamcrest-core-1.3.jar:/usr/lib/hadoop-mapreduce/.//hadoop-distcp-2.6.0-cdh5.12.1.jar:/usr/lib/hadoop-mapreduce/.//hadoop-mapreduce-client-jobclient-2.6.0-cdh5.12.1.jar:/usr/lib/hadoop-mapreduce/.//avro.jar:/usr/lib/hadoop-mapreduce/.//jaxb-impl-2.2.3-1.jar:/usr/lib/hadoop-mapreduce/.//api-asn1-api-1.0.0-M20.jar:/usr/lib/hadoop-mapreduce/.//hadoop-mapreduce-client-core.jar:/usr/lib/hadoop-mapreduce/.//jettison-1.1.jar:/usr/lib/hadoop-mapreduce/.//okhttp-2.4.0.jar:/usr/lib/hadoop-mapreduce/.//paranamer-2.3.jar:/usr/lib/hadoop-mapreduce/.//commons-compress-1.4.1.jar:/usr/lib/hadoop-mapreduce/.//jackson-databind-2.2.3.jar:/usr/lib/hadoop-mapreduce/.//zookeeper.jar:/usr/lib/hadoop-mapreduce/.//curator-client-2.7.1.jar:/usr/lib/hadoop-mapreduce/.//hadoop-rumen.jar:/usr/lib/hadoop-mapreduce/.//xz-1.0.jar:/usr/lib/hadoop-mapreduce/.//java-xmlbuilder-0.4.jar:/usr/lib/hadoop-mapreduce/.//hadoop-mapreduce-client-nativetask.jar:/usr/lib/hadoop-mapreduce/.//commons-digester-1.8.jar:/usr/lib/hadoop-mapreduce/.//htrace-core4-4.0.1-incubating.jar:/usr/lib/hadoop-mapreduce/.//hadoop-mapreduce-client-hs-plugins-2.6.0-cdh5.12.1.jar:/usr/lib/hadoop-mapreduce/.//apacheds-i18n-2.0.0-M15.jar:/usr/lib/hadoop-mapreduce/.//jackson-xc-1.8.8.jar:/usr/lib/hadoop-mapreduce/.//hadoop-extras-2.6.0-cdh5.12.1.jar:/usr/lib/hadoop-mapreduce/.//hadoop-streaming-2.6.0-cdh5.12.1.jar:/usr/lib/hadoop-mapreduce/.//hadoop-archives.jar::/usr/share/java/slf4j-simple.jar:/usr/share/java/slf4j-simple.jar:/usr/share/java/slf4j-simple.jar
STARTUP_MSG:   build = http://github.com/cloudera/hadoop -r 520d8b072e666e9f21d645ca6a5219fc37535a52 ; compiled by 'jenkins' on 2017-08-24T16:37Z
STARTUP_MSG:   java = 1.8.0_111
************************************************************/
2017-09-04 18:15:01,792 INFO org.apache.hadoop.hdfs.server.namenode.NameNode: registered UNIX signal handlers for [TERM, HUP, INT]
2017-09-04 18:15:01,801 INFO org.apache.hadoop.hdfs.server.namenode.NameNode: createNameNode []
2017-09-04 18:15:02,261 INFO org.apache.hadoop.metrics2.impl.MetricsConfig: loaded properties from hadoop-metrics2.properties
2017-09-04 18:15:02,471 INFO org.apache.hadoop.metrics2.impl.MetricsSystemImpl: Scheduled snapshot period at 10 second(s).
2017-09-04 18:15:02,472 INFO org.apache.hadoop.metrics2.impl.MetricsSystemImpl: NameNode metrics system started
2017-09-04 18:15:02,496 INFO org.apache.hadoop.hdfs.server.namenode.NameNode: fs.defaultFS is hdfs://master:8020
2017-09-04 18:15:02,497 INFO org.apache.hadoop.hdfs.server.namenode.NameNode: Clients are to use master:8020 to access this namenode/service.
2017-09-04 18:15:02,786 INFO org.apache.hadoop.util.JvmPauseMonitor: Starting JVM pause monitor
2017-09-04 18:15:02,801 INFO org.apache.hadoop.hdfs.DFSUtil: Starting Web-server for hdfs at: http://master:50070
2017-09-04 18:15:02,886 INFO org.mortbay.log: Logging to org.slf4j.impl.Log4jLoggerAdapter(org.mortbay.log) via org.mortbay.log.Slf4jLog
2017-09-04 18:15:02,903 INFO org.apache.hadoop.security.authentication.server.AuthenticationFilter: Unable to initialize FileSignerSecretProvider, falling back to use random secrets.
2017-09-04 18:15:02,945 INFO org.apache.hadoop.http.HttpRequestLog: Http request log for http.requests.namenode is not defined
2017-09-04 18:15:02,963 INFO org.apache.hadoop.http.HttpServer2: Added global filter 'safety' (class=org.apache.hadoop.http.HttpServer2$QuotingInputFilter)
2017-09-04 18:15:02,967 INFO org.apache.hadoop.http.HttpServer2: Added filter static_user_filter (class=org.apache.hadoop.http.lib.StaticUserWebFilter$StaticUserFilter) to context hdfs
2017-09-04 18:15:02,967 INFO org.apache.hadoop.http.HttpServer2: Added filter static_user_filter (class=org.apache.hadoop.http.lib.StaticUserWebFilter$StaticUserFilter) to context logs
2017-09-04 18:15:02,968 INFO org.apache.hadoop.http.HttpServer2: Added filter static_user_filter (class=org.apache.hadoop.http.lib.StaticUserWebFilter$StaticUserFilter) to context static
2017-09-04 18:15:03,274 INFO org.apache.hadoop.http.HttpServer2: Added filter 'org.apache.hadoop.hdfs.web.AuthFilter' (class=org.apache.hadoop.hdfs.web.AuthFilter)
2017-09-04 18:15:03,286 INFO org.apache.hadoop.http.HttpServer2: addJerseyResourcePackage: packageName=org.apache.hadoop.hdfs.server.namenode.web.resources;org.apache.hadoop.hdfs.web.resources, pathSpec=/webhdfs/v1/*
2017-09-04 18:15:03,356 INFO org.apache.hadoop.http.HttpServer2: Jetty bound to port 50070
2017-09-04 18:15:03,357 INFO org.mortbay.log: jetty-6.1.26.cloudera.4
2017-09-04 18:15:03,835 INFO org.mortbay.log: Started HttpServer2$SelectChannelConnectorWithSafeStartup@master:50070
2017-09-04 18:15:03,872 WARN org.apache.hadoop.hdfs.server.namenode.FSNamesystem: Only one image storage directory (dfs.namenode.name.dir) configured. Beware of data loss due to lack of redundant storage directories!
2017-09-04 18:15:03,873 WARN org.apache.hadoop.hdfs.server.namenode.FSNamesystem: Only one namespace edits storage directory (dfs.namenode.edits.dir) configured. Beware of data loss due to lack of redundant storage directories!
2017-09-04 18:15:03,912 INFO org.apache.hadoop.hdfs.server.namenode.FSEditLog: Edit logging is async:false
2017-09-04 18:15:03,919 INFO org.apache.hadoop.hdfs.server.namenode.FSNamesystem: No KeyProvider found.
2017-09-04 18:15:03,939 INFO org.apache.hadoop.hdfs.server.namenode.FSNamesystem: fsLock is fair: true
2017-09-04 18:15:04,017 INFO org.apache.hadoop.hdfs.server.blockmanagement.DatanodeManager: dfs.block.invalidate.limit=1000
2017-09-04 18:15:04,028 INFO org.apache.hadoop.hdfs.server.blockmanagement.DatanodeManager: dfs.namenode.datanode.registration.ip-hostname-check=true
2017-09-04 18:15:04,037 INFO org.apache.hadoop.hdfs.server.blockmanagement.BlockManager: dfs.namenode.startup.delay.block.deletion.sec is set to 000:00:00:00.000
2017-09-04 18:15:04,044 INFO org.apache.hadoop.hdfs.server.blockmanagement.BlockManager: The block deletion will start around 2017 Sep 04 18:15:04
2017-09-04 18:15:04,046 INFO org.apache.hadoop.util.GSet: Computing capacity for map BlocksMap
2017-09-04 18:15:04,047 INFO org.apache.hadoop.util.GSet: VM type       = 64-bit
2017-09-04 18:15:04,053 INFO org.apache.hadoop.util.GSet: 2.0% max memory 889 MB = 17.8 MB
2017-09-04 18:15:04,055 INFO org.apache.hadoop.util.GSet: capacity      = 2^21 = 2097152 entries
2017-09-04 18:15:04,092 INFO org.apache.hadoop.hdfs.server.blockmanagement.BlockManager: dfs.block.access.token.enable=false
2017-09-04 18:15:04,103 INFO org.apache.hadoop.hdfs.server.blockmanagement.BlockManager: defaultReplication         = 3
2017-09-04 18:15:04,115 INFO org.apache.hadoop.hdfs.server.blockmanagement.BlockManager: maxReplication             = 512
2017-09-04 18:15:04,121 INFO org.apache.hadoop.hdfs.server.blockmanagement.BlockManager: minReplication             = 1
2017-09-04 18:15:04,123 INFO org.apache.hadoop.hdfs.server.blockmanagement.BlockManager: maxReplicationStreams      = 2
2017-09-04 18:15:04,127 INFO org.apache.hadoop.hdfs.server.blockmanagement.BlockManager: replicationRecheckInterval = 3000
2017-09-04 18:15:04,131 INFO org.apache.hadoop.hdfs.server.blockmanagement.BlockManager: encryptDataTransfer        = false
2017-09-04 18:15:04,131 INFO org.apache.hadoop.hdfs.server.blockmanagement.BlockManager: maxNumBlocksToLog          = 1000
2017-09-04 18:15:04,139 INFO org.apache.hadoop.hdfs.server.namenode.FSNamesystem: fsOwner             = hdfs (auth:SIMPLE)
2017-09-04 18:15:04,143 INFO org.apache.hadoop.hdfs.server.namenode.FSNamesystem: supergroup          = hadoop
2017-09-04 18:15:04,143 INFO org.apache.hadoop.hdfs.server.namenode.FSNamesystem: isPermissionEnabled = true
2017-09-04 18:15:04,144 INFO org.apache.hadoop.hdfs.server.namenode.FSNamesystem: HA Enabled: false
2017-09-04 18:15:04,145 INFO org.apache.hadoop.hdfs.server.namenode.FSNamesystem: Append Enabled: true
2017-09-04 18:15:04,300 INFO org.apache.hadoop.util.GSet: Computing capacity for map INodeMap
2017-09-04 18:15:04,300 INFO org.apache.hadoop.util.GSet: VM type       = 64-bit
2017-09-04 18:15:04,300 INFO org.apache.hadoop.util.GSet: 1.0% max memory 889 MB = 8.9 MB
2017-09-04 18:15:04,300 INFO org.apache.hadoop.util.GSet: capacity      = 2^20 = 1048576 entries
2017-09-04 18:15:04,301 INFO org.apache.hadoop.hdfs.server.namenode.FSDirectory: POSIX ACL inheritance enabled? false
2017-09-04 18:15:04,302 INFO org.apache.hadoop.hdfs.server.namenode.NameNode: Caching file names occuring more than 10 times
2017-09-04 18:15:04,316 INFO org.apache.hadoop.util.GSet: Computing capacity for map cachedBlocks
2017-09-04 18:15:04,316 INFO org.apache.hadoop.util.GSet: VM type       = 64-bit
2017-09-04 18:15:04,317 INFO org.apache.hadoop.util.GSet: 0.25% max memory 889 MB = 2.2 MB
2017-09-04 18:15:04,317 INFO org.apache.hadoop.util.GSet: capacity      = 2^18 = 262144 entries
2017-09-04 18:15:04,318 INFO org.apache.hadoop.hdfs.server.namenode.FSNamesystem: dfs.namenode.safemode.threshold-pct = 0.9990000128746033
2017-09-04 18:15:04,319 INFO org.apache.hadoop.hdfs.server.namenode.FSNamesystem: dfs.namenode.safemode.min.datanodes = 0
2017-09-04 18:15:04,319 INFO org.apache.hadoop.hdfs.server.namenode.FSNamesystem: dfs.namenode.safemode.extension     = 30000
2017-09-04 18:15:04,322 INFO org.apache.hadoop.hdfs.server.namenode.top.metrics.TopMetrics: NNTop conf: dfs.namenode.top.window.num.buckets = 10
2017-09-04 18:15:04,323 INFO org.apache.hadoop.hdfs.server.namenode.top.metrics.TopMetrics: NNTop conf: dfs.namenode.top.num.users = 10
2017-09-04 18:15:04,323 INFO org.apache.hadoop.hdfs.server.namenode.top.metrics.TopMetrics: NNTop conf: dfs.namenode.top.windows.minutes = 1,5,25
2017-09-04 18:15:04,327 INFO org.apache.hadoop.hdfs.server.namenode.FSNamesystem: Retry cache on namenode is enabled
2017-09-04 18:15:04,328 INFO org.apache.hadoop.hdfs.server.namenode.FSNamesystem: Retry cache will use 0.03 of total heap and retry cache entry expiry time is 600000 millis
2017-09-04 18:15:04,331 INFO org.apache.hadoop.util.GSet: Computing capacity for map NameNodeRetryCache
2017-09-04 18:15:04,331 INFO org.apache.hadoop.util.GSet: VM type       = 64-bit
2017-09-04 18:15:04,331 INFO org.apache.hadoop.util.GSet: 0.029999999329447746% max memory 889 MB = 273.1 KB
2017-09-04 18:15:04,331 INFO org.apache.hadoop.util.GSet: capacity      = 2^15 = 32768 entries
2017-09-04 18:15:04,335 INFO org.apache.hadoop.hdfs.server.namenode.FSNamesystem: ACLs enabled? false
2017-09-04 18:15:04,336 INFO org.apache.hadoop.hdfs.server.namenode.FSNamesystem: XAttrs enabled? true
2017-09-04 18:15:04,336 INFO org.apache.hadoop.hdfs.server.namenode.FSNamesystem: Maximum size of an xattr: 16384
2017-09-04 18:15:04,365 INFO org.apache.hadoop.hdfs.server.common.Storage: Lock on /data/1/dfs/nn/in_use.lock acquired by nodename 30@064cbfef4787
2017-09-04 18:15:04,475 INFO org.apache.hadoop.hdfs.server.namenode.FileJournalManager: Recovering unfinalized segments in /data/1/dfs/nn/current
2017-09-04 18:15:04,495 INFO org.apache.hadoop.hdfs.server.namenode.FSImage: No edit log streams selected.
2017-09-04 18:15:04,503 INFO org.apache.hadoop.hdfs.server.namenode.FSImage: Planning to load image: FSImageFile(file=/data/1/dfs/nn/current/fsimage_0000000000000000000, cpktTxId=0000000000000000000)
2017-09-04 18:15:04,601 INFO org.apache.hadoop.hdfs.server.namenode.FSImageFormatPBINode: Loading 1 INodes.
2017-09-04 18:15:04,641 INFO org.apache.hadoop.hdfs.server.namenode.FSImageFormatProtobuf: Loaded FSImage in 0 seconds.
2017-09-04 18:15:04,642 INFO org.apache.hadoop.hdfs.server.namenode.FSImage: Loaded image for txid 0 from /data/1/dfs/nn/current/fsimage_0000000000000000000
2017-09-04 18:15:04,772 INFO org.apache.hadoop.hdfs.server.namenode.FSNamesystem: Need to save fs image? false (staleImage=false, haEnabled=false, isRollingUpgrade=false)
2017-09-04 18:15:04,776 INFO org.apache.hadoop.hdfs.server.namenode.FSEditLog: Starting log segment at 1
2017-09-04 18:15:04,963 INFO org.apache.hadoop.hdfs.server.namenode.NameCache: initialized with 0 entries 0 lookups
2017-09-04 18:15:04,964 INFO org.apache.hadoop.hdfs.server.namenode.FSNamesystem: Finished loading FSImage in 628 msecs
2017-09-04 18:15:05,162 INFO org.apache.hadoop.hdfs.server.namenode.NameNode: RPC server is binding to master:8020
2017-09-04 18:15:05,173 INFO org.apache.hadoop.ipc.CallQueueManager: Using callQueue: class java.util.concurrent.LinkedBlockingQueue queueCapacity: 1000
2017-09-04 18:15:05,186 INFO org.apache.hadoop.ipc.Server: Starting Socket Reader #1 for port 8020
2017-09-04 18:15:05,428 INFO org.apache.hadoop.hdfs.server.namenode.FSNamesystem: Registered FSNamesystemState MBean
2017-09-04 18:15:05,444 INFO org.apache.hadoop.hdfs.server.namenode.LeaseManager: Number of blocks under construction: 0
2017-09-04 18:15:05,444 INFO org.apache.hadoop.hdfs.server.namenode.FSNamesystem: initializing replication queues
2017-09-04 18:15:05,444 INFO org.apache.hadoop.hdfs.StateChange: STATE* Leaving safe mode after 1 secs
2017-09-04 18:15:05,445 INFO org.apache.hadoop.hdfs.StateChange: STATE* Network topology has 0 racks and 0 datanodes
2017-09-04 18:15:05,445 INFO org.apache.hadoop.hdfs.StateChange: STATE* UnderReplicatedBlocks has 0 blocks
2017-09-04 18:15:05,467 INFO org.apache.hadoop.hdfs.server.blockmanagement.BlockManager: Total number of blocks            = 0
2017-09-04 18:15:05,473 INFO org.apache.hadoop.hdfs.server.blockmanagement.BlockManager: Number of invalid blocks          = 0
2017-09-04 18:15:05,476 INFO org.apache.hadoop.hdfs.server.blockmanagement.BlockManager: Number of under-replicated blocks = 0
2017-09-04 18:15:05,479 INFO org.apache.hadoop.hdfs.server.blockmanagement.BlockManager: Number of  over-replicated blocks = 0
2017-09-04 18:15:05,481 INFO org.apache.hadoop.hdfs.server.blockmanagement.BlockManager: Number of blocks being written    = 0
2017-09-04 18:15:05,483 INFO org.apache.hadoop.hdfs.StateChange: STATE* Replication Queue initialization scan for invalid, over- and under-replicated blocks completed in 39 msec
2017-09-04 18:15:05,496 INFO org.apache.hadoop.ipc.Server: IPC Server Responder: starting
2017-09-04 18:15:05,509 INFO org.apache.hadoop.hdfs.server.namenode.NameNode: NameNode RPC up at: master/172.24.0.2:8020
2017-09-04 18:15:05,509 INFO org.apache.hadoop.hdfs.server.namenode.FSNamesystem: Starting services required for active state
2017-09-04 18:15:05,515 INFO org.apache.hadoop.hdfs.server.blockmanagement.CacheReplicationMonitor: Starting CacheReplicationMonitor with interval 30000 milliseconds
2017-09-04 18:15:05,529 INFO org.apache.hadoop.hdfs.server.blockmanagement.CacheReplicationMonitor: Rescanning after 4866077 milliseconds
2017-09-04 18:15:05,526 INFO org.apache.hadoop.ipc.Server: IPC Server listener on 8020: starting
2017-09-04 18:15:05,534 INFO org.apache.hadoop.hdfs.server.blockmanagement.CacheReplicationMonitor: Scanned 0 directive(s) and 0 block(s) in 5 millisecond(s).
2017-09-04 18:15:06,660 INFO org.apache.hadoop.hdfs.StateChange: BLOCK* registerDatanode: from DatanodeRegistration(172.24.0.3, datanodeUuid=119799c9-6968-488e-8836-9d7046d43392, infoPort=50075, infoSecurePort=0, ipcPort=50020, storageInfo=lv=-56;cid=CID-02f2c2ab-6917-4af4-8b12-0f21b763a127;nsid=93331705;c=0) storage 119799c9-6968-488e-8836-9d7046d43392
2017-09-04 18:15:06,661 INFO org.apache.hadoop.net.NetworkTopology: Adding a new node: /default-rack/172.24.0.3:50010
2017-09-04 18:15:06,662 INFO org.apache.hadoop.hdfs.server.blockmanagement.BlockReportLeaseManager: Registered DN 119799c9-6968-488e-8836-9d7046d43392 (172.24.0.3:50010).
2017-09-04 18:15:06,781 INFO org.apache.hadoop.hdfs.server.blockmanagement.DatanodeDescriptor: Adding new storage ID DS-a35640d5-1408-447d-a904-2fb80de4146e for DN 172.24.0.3:50010
2017-09-04 18:15:06,836 INFO BlockStateChange: BLOCK* processReport 0xfa063c9e802987bb: Processing first storage report for DS-a35640d5-1408-447d-a904-2fb80de4146e from datanode 119799c9-6968-488e-8836-9d7046d43392
2017-09-04 18:15:06,838 INFO BlockStateChange: BLOCK* processReport 0xfa063c9e802987bb: from storage DS-a35640d5-1408-447d-a904-2fb80de4146e node DatanodeRegistration(172.24.0.3, datanodeUuid=119799c9-6968-488e-8836-9d7046d43392, infoPort=50075, infoSecurePort=0, ipcPort=50020, storageInfo=lv=-56;cid=CID-02f2c2ab-6917-4af4-8b12-0f21b763a127;nsid=93331705;c=0), blocks: 0, hasStaleStorage: false, processing time: 2 msecs, invalidatedBlocks: 0
2017-09-04 18:15:06,849 INFO org.apache.hadoop.hdfs.StateChange: BLOCK* registerDatanode: from DatanodeRegistration(172.24.0.4, datanodeUuid=e7c8507a-de2b-4608-9e78-76724ca13243, infoPort=50075, infoSecurePort=0, ipcPort=50020, storageInfo=lv=-56;cid=CID-02f2c2ab-6917-4af4-8b12-0f21b763a127;nsid=93331705;c=0) storage e7c8507a-de2b-4608-9e78-76724ca13243
2017-09-04 18:15:06,850 INFO org.apache.hadoop.net.NetworkTopology: Adding a new node: /default-rack/172.24.0.4:50010
2017-09-04 18:15:06,850 INFO org.apache.hadoop.hdfs.server.blockmanagement.BlockReportLeaseManager: Registered DN e7c8507a-de2b-4608-9e78-76724ca13243 (172.24.0.4:50010).
2017-09-04 18:15:06,917 INFO org.apache.hadoop.hdfs.server.blockmanagement.DatanodeDescriptor: Adding new storage ID DS-11792a21-f9da-4988-9647-f606e1133525 for DN 172.24.0.4:50010
2017-09-04 18:15:06,935 INFO BlockStateChange: BLOCK* processReport 0x5623b89be55e1984: Processing first storage report for DS-11792a21-f9da-4988-9647-f606e1133525 from datanode e7c8507a-de2b-4608-9e78-76724ca13243
2017-09-04 18:15:06,936 INFO BlockStateChange: BLOCK* processReport 0x5623b89be55e1984: from storage DS-11792a21-f9da-4988-9647-f606e1133525 node DatanodeRegistration(172.24.0.4, datanodeUuid=e7c8507a-de2b-4608-9e78-76724ca13243, infoPort=50075, infoSecurePort=0, ipcPort=50020, storageInfo=lv=-56;cid=CID-02f2c2ab-6917-4af4-8b12-0f21b763a127;nsid=93331705;c=0), blocks: 0, hasStaleStorage: false, processing time: 0 msecs, invalidatedBlocks: 0
2017-09-04 18:15:35,533 INFO org.apache.hadoop.hdfs.server.blockmanagement.CacheReplicationMonitor: Rescanning after 30004 milliseconds
2017-09-04 18:15:35,537 INFO org.apache.hadoop.hdfs.server.blockmanagement.CacheReplicationMonitor: Scanned 0 directive(s) and 0 block(s) in 4 millisecond(s).
2017-09-04 18:16:05,534 INFO org.apache.hadoop.hdfs.server.blockmanagement.CacheReplicationMonitor: Rescanning after 30002 milliseconds
2017-09-04 18:16:05,536 INFO org.apache.hadoop.hdfs.server.blockmanagement.CacheReplicationMonitor: Scanned 0 directive(s) and 0 block(s) in 2 millisecond(s).
2017-09-04 18:16:35,535 INFO org.apache.hadoop.hdfs.server.blockmanagement.CacheReplicationMonitor: Rescanning after 30001 milliseconds
2017-09-04 18:16:35,537 INFO org.apache.hadoop.hdfs.server.blockmanagement.CacheReplicationMonitor: Scanned 0 directive(s) and 0 block(s) in 2 millisecond(s).
2017-09-04 18:17:05,536 INFO org.apache.hadoop.hdfs.server.blockmanagement.CacheReplicationMonitor: Rescanning after 30000 milliseconds
2017-09-04 18:17:05,538 INFO org.apache.hadoop.hdfs.server.blockmanagement.CacheReplicationMonitor: Scanned 0 directive(s) and 0 block(s) in 3 millisecond(s).
2017-09-04 18:17:35,536 INFO org.apache.hadoop.hdfs.server.blockmanagement.CacheReplicationMonitor: Rescanning after 30000 milliseconds
2017-09-04 18:17:35,538 INFO org.apache.hadoop.hdfs.server.blockmanagement.CacheReplicationMonitor: Scanned 0 directive(s) and 0 block(s) in 2 millisecond(s).
2017-09-04 18:18:05,538 INFO org.apache.hadoop.hdfs.server.blockmanagement.CacheReplicationMonitor: Rescanning after 30002 milliseconds
2017-09-04 18:18:05,540 INFO org.apache.hadoop.hdfs.server.blockmanagement.CacheReplicationMonitor: Scanned 0 directive(s) and 0 block(s) in 2 millisecond(s).
2017-09-04 18:18:35,542 INFO org.apache.hadoop.hdfs.server.blockmanagement.CacheReplicationMonitor: Rescanning after 30004 milliseconds
2017-09-04 18:18:35,542 INFO org.apache.hadoop.hdfs.server.blockmanagement.CacheReplicationMonitor: Scanned 0 directive(s) and 0 block(s) in 1 millisecond(s).
2017-09-04 18:19:05,542 INFO org.apache.hadoop.hdfs.server.blockmanagement.CacheReplicationMonitor: Rescanning after 30000 milliseconds
2017-09-04 18:19:05,544 INFO org.apache.hadoop.hdfs.server.blockmanagement.CacheReplicationMonitor: Scanned 0 directive(s) and 0 block(s) in 2 millisecond(s).
