2017-09-04 07:22:08,504 INFO org.apache.hadoop.metrics2.impl.MetricsConfig: loaded properties from hadoop-metrics2.properties
2017-09-04 07:22:08,738 INFO org.apache.hadoop.metrics2.impl.MetricsSystemImpl: Scheduled snapshot period at 10 second(s).
2017-09-04 07:22:08,743 INFO org.apache.hadoop.metrics2.impl.MetricsSystemImpl: NameNode metrics system started
2017-09-04 07:22:09,175 INFO org.apache.hadoop.util.JvmPauseMonitor: Starting JVM pause monitor
2017-09-04 07:22:09,185 INFO org.apache.hadoop.hdfs.DFSUtil: Starting Web-server for hdfs at: http://master:50070
2017-09-04 07:22:09,286 INFO org.apache.hadoop.http.HttpRequestLog: Http request log for http.requests.namenode is not defined
2017-09-04 07:22:09,323 INFO org.apache.hadoop.http.HttpServer2: Added global filter 'safety' (class=org.apache.hadoop.http.HttpServer2$QuotingInputFilter)
2017-09-04 07:22:09,333 INFO org.apache.hadoop.http.HttpServer2: Added filter static_user_filter (class=org.apache.hadoop.http.lib.StaticUserWebFilter$StaticUserFilter) to context hdfs
2017-09-04 07:22:09,333 INFO org.apache.hadoop.http.HttpServer2: Added filter static_user_filter (class=org.apache.hadoop.http.lib.StaticUserWebFilter$StaticUserFilter) to context static
2017-09-04 07:22:09,334 INFO org.apache.hadoop.http.HttpServer2: Added filter static_user_filter (class=org.apache.hadoop.http.lib.StaticUserWebFilter$StaticUserFilter) to context logs
2017-09-04 07:22:09,692 INFO org.apache.hadoop.http.HttpServer2: Added filter 'org.apache.hadoop.hdfs.web.AuthFilter' (class=org.apache.hadoop.hdfs.web.AuthFilter)
2017-09-04 07:22:09,700 INFO org.apache.hadoop.http.HttpServer2: addJerseyResourcePackage: packageName=org.apache.hadoop.hdfs.server.namenode.web.resources;org.apache.hadoop.hdfs.web.resources, pathSpec=/webhdfs/v1/*
2017-09-04 07:22:09,720 INFO org.apache.hadoop.http.HttpServer2: Jetty bound to port 50070
2017-09-04 07:22:10,242 WARN org.apache.hadoop.hdfs.server.namenode.FSNamesystem: Only one image storage directory (dfs.namenode.name.dir) configured. Beware of data loss due to lack of redundant storage directories!
2017-09-04 07:22:10,242 WARN org.apache.hadoop.hdfs.server.namenode.FSNamesystem: Only one namespace edits storage directory (dfs.namenode.edits.dir) configured. Beware of data loss due to lack of redundant storage directories!
2017-09-04 07:22:10,282 INFO org.apache.hadoop.hdfs.server.namenode.FSEditLog: Edit logging is async:false
2017-09-04 07:22:10,289 INFO org.apache.hadoop.hdfs.server.namenode.FSNamesystem: No KeyProvider found.
2017-09-04 07:22:10,300 INFO org.apache.hadoop.hdfs.server.namenode.FSNamesystem: fsLock is fair: true
2017-09-04 07:22:10,377 INFO org.apache.hadoop.util.GSet: Computing capacity for map BlocksMap
2017-09-04 07:22:10,378 INFO org.apache.hadoop.util.GSet: VM type       = 64-bit
2017-09-04 07:22:10,380 INFO org.apache.hadoop.util.GSet: 2.0% max memory 889 MB = 17.8 MB
2017-09-04 07:22:10,380 INFO org.apache.hadoop.util.GSet: capacity      = 2^21 = 2097152 entries
2017-09-04 07:22:10,488 INFO org.apache.hadoop.hdfs.server.namenode.FSNamesystem: fsOwner             = hdfs (auth:SIMPLE)
2017-09-04 07:22:10,494 INFO org.apache.hadoop.hdfs.server.namenode.FSNamesystem: supergroup          = hadoop
2017-09-04 07:22:10,498 INFO org.apache.hadoop.hdfs.server.namenode.FSNamesystem: isPermissionEnabled = true
2017-09-04 07:22:10,501 INFO org.apache.hadoop.hdfs.server.namenode.FSNamesystem: HA Enabled: false
2017-09-04 07:22:10,507 INFO org.apache.hadoop.hdfs.server.namenode.FSNamesystem: Append Enabled: true
2017-09-04 07:22:10,721 INFO org.apache.hadoop.util.GSet: Computing capacity for map INodeMap
2017-09-04 07:22:10,721 INFO org.apache.hadoop.util.GSet: VM type       = 64-bit
2017-09-04 07:22:10,721 INFO org.apache.hadoop.util.GSet: 1.0% max memory 889 MB = 8.9 MB
2017-09-04 07:22:10,722 INFO org.apache.hadoop.util.GSet: capacity      = 2^20 = 1048576 entries
2017-09-04 07:22:10,743 INFO org.apache.hadoop.util.GSet: Computing capacity for map cachedBlocks
2017-09-04 07:22:10,743 INFO org.apache.hadoop.util.GSet: VM type       = 64-bit
2017-09-04 07:22:10,743 INFO org.apache.hadoop.util.GSet: 0.25% max memory 889 MB = 2.2 MB
2017-09-04 07:22:10,743 INFO org.apache.hadoop.util.GSet: capacity      = 2^18 = 262144 entries
2017-09-04 07:22:10,745 INFO org.apache.hadoop.hdfs.server.namenode.FSNamesystem: dfs.namenode.safemode.threshold-pct = 0.9990000128746033
2017-09-04 07:22:10,754 INFO org.apache.hadoop.hdfs.server.namenode.FSNamesystem: dfs.namenode.safemode.min.datanodes = 0
2017-09-04 07:22:10,754 INFO org.apache.hadoop.hdfs.server.namenode.FSNamesystem: dfs.namenode.safemode.extension     = 30000
2017-09-04 07:22:10,760 INFO org.apache.hadoop.hdfs.server.namenode.FSNamesystem: Retry cache on namenode is enabled
2017-09-04 07:22:10,760 INFO org.apache.hadoop.hdfs.server.namenode.FSNamesystem: Retry cache will use 0.03 of total heap and retry cache entry expiry time is 600000 millis
2017-09-04 07:22:10,762 INFO org.apache.hadoop.util.GSet: Computing capacity for map NameNodeRetryCache
2017-09-04 07:22:10,767 INFO org.apache.hadoop.util.GSet: VM type       = 64-bit
2017-09-04 07:22:10,767 INFO org.apache.hadoop.util.GSet: 0.029999999329447746% max memory 889 MB = 273.1 KB
2017-09-04 07:22:10,767 INFO org.apache.hadoop.util.GSet: capacity      = 2^15 = 32768 entries
2017-09-04 07:22:10,770 INFO org.apache.hadoop.hdfs.server.namenode.FSNamesystem: ACLs enabled? false
2017-09-04 07:22:10,770 INFO org.apache.hadoop.hdfs.server.namenode.FSNamesystem: XAttrs enabled? true
2017-09-04 07:22:10,770 INFO org.apache.hadoop.hdfs.server.namenode.FSNamesystem: Maximum size of an xattr: 16384
2017-09-04 07:22:10,776 WARN org.apache.hadoop.hdfs.server.common.Storage: Cannot access storage directory /data/1/dfs/nn
2017-09-04 07:22:10,778 WARN org.apache.hadoop.hdfs.server.namenode.FSNamesystem: Encountered exception loading fsimage
org.apache.hadoop.hdfs.server.common.InconsistentFSStateException: Directory /data/1/dfs/nn is in an inconsistent state: storage directory does not exist or is not accessible.
	at org.apache.hadoop.hdfs.server.namenode.FSImage.recoverStorageDirs(FSImage.java:371)
	at org.apache.hadoop.hdfs.server.namenode.FSImage.recoverTransitionRead(FSImage.java:222)
	at org.apache.hadoop.hdfs.server.namenode.FSNamesystem.loadFSImage(FSNamesystem.java:1125)
	at org.apache.hadoop.hdfs.server.namenode.FSNamesystem.loadFromDisk(FSNamesystem.java:789)
	at org.apache.hadoop.hdfs.server.namenode.NameNode.loadNamesystem(NameNode.java:614)
	at org.apache.hadoop.hdfs.server.namenode.NameNode.initialize(NameNode.java:676)
	at org.apache.hadoop.hdfs.server.namenode.NameNode.<init>(NameNode.java:844)
	at org.apache.hadoop.hdfs.server.namenode.NameNode.<init>(NameNode.java:823)
	at org.apache.hadoop.hdfs.server.namenode.NameNode.createNameNode(NameNode.java:1547)
	at org.apache.hadoop.hdfs.server.namenode.NameNode.main(NameNode.java:1615)
2017-09-04 07:22:10,794 WARN org.apache.hadoop.http.HttpServer2: HttpServer Acceptor: isRunning is false. Rechecking.
2017-09-04 07:22:10,794 WARN org.apache.hadoop.http.HttpServer2: HttpServer Acceptor: isRunning is false
2017-09-04 07:22:10,891 INFO org.apache.hadoop.metrics2.impl.MetricsSystemImpl: Stopping NameNode metrics system...
2017-09-04 07:22:10,892 INFO org.apache.hadoop.metrics2.impl.MetricsSystemImpl: NameNode metrics system stopped.
2017-09-04 07:22:10,892 INFO org.apache.hadoop.metrics2.impl.MetricsSystemImpl: NameNode metrics system shutdown complete.
2017-09-04 07:22:10,895 INFO org.apache.hadoop.util.ExitUtil: Exiting with status 1
