2017-09-04 08:24:05,215 INFO org.apache.hadoop.metrics2.impl.MetricsConfig: loaded properties from hadoop-metrics2.properties
2017-09-04 08:24:05,394 INFO org.apache.hadoop.metrics2.impl.MetricsSystemImpl: Scheduled snapshot period at 10 second(s).
2017-09-04 08:24:05,396 INFO org.apache.hadoop.metrics2.impl.MetricsSystemImpl: NameNode metrics system started
2017-09-04 08:24:05,766 INFO org.apache.hadoop.hdfs.DFSUtil: Starting Web-server for hdfs at: http://master:50070
2017-09-04 08:24:05,768 INFO org.apache.hadoop.util.JvmPauseMonitor: Starting JVM pause monitor
2017-09-04 08:24:05,882 INFO org.apache.hadoop.http.HttpRequestLog: Http request log for http.requests.namenode is not defined
2017-09-04 08:24:05,901 INFO org.apache.hadoop.http.HttpServer2: Added global filter 'safety' (class=org.apache.hadoop.http.HttpServer2$QuotingInputFilter)
2017-09-04 08:24:05,904 INFO org.apache.hadoop.http.HttpServer2: Added filter static_user_filter (class=org.apache.hadoop.http.lib.StaticUserWebFilter$StaticUserFilter) to context hdfs
2017-09-04 08:24:05,910 INFO org.apache.hadoop.http.HttpServer2: Added filter static_user_filter (class=org.apache.hadoop.http.lib.StaticUserWebFilter$StaticUserFilter) to context static
2017-09-04 08:24:05,916 INFO org.apache.hadoop.http.HttpServer2: Added filter static_user_filter (class=org.apache.hadoop.http.lib.StaticUserWebFilter$StaticUserFilter) to context logs
2017-09-04 08:24:06,211 INFO org.apache.hadoop.http.HttpServer2: Added filter 'org.apache.hadoop.hdfs.web.AuthFilter' (class=org.apache.hadoop.hdfs.web.AuthFilter)
2017-09-04 08:24:06,219 INFO org.apache.hadoop.http.HttpServer2: addJerseyResourcePackage: packageName=org.apache.hadoop.hdfs.server.namenode.web.resources;org.apache.hadoop.hdfs.web.resources, pathSpec=/webhdfs/v1/*
2017-09-04 08:24:06,253 INFO org.apache.hadoop.http.HttpServer2: Jetty bound to port 50070
2017-09-04 08:24:06,731 WARN org.apache.hadoop.hdfs.server.namenode.FSNamesystem: Only one image storage directory (dfs.namenode.name.dir) configured. Beware of data loss due to lack of redundant storage directories!
2017-09-04 08:24:06,731 WARN org.apache.hadoop.hdfs.server.namenode.FSNamesystem: Only one namespace edits storage directory (dfs.namenode.edits.dir) configured. Beware of data loss due to lack of redundant storage directories!
2017-09-04 08:24:06,770 INFO org.apache.hadoop.hdfs.server.namenode.FSEditLog: Edit logging is async:false
2017-09-04 08:24:06,789 INFO org.apache.hadoop.hdfs.server.namenode.FSNamesystem: No KeyProvider found.
2017-09-04 08:24:06,805 INFO org.apache.hadoop.hdfs.server.namenode.FSNamesystem: fsLock is fair: true
2017-09-04 08:24:06,878 INFO org.apache.hadoop.util.GSet: Computing capacity for map BlocksMap
2017-09-04 08:24:06,878 INFO org.apache.hadoop.util.GSet: VM type       = 64-bit
2017-09-04 08:24:06,880 INFO org.apache.hadoop.util.GSet: 2.0% max memory 889 MB = 17.8 MB
2017-09-04 08:24:06,881 INFO org.apache.hadoop.util.GSet: capacity      = 2^21 = 2097152 entries
2017-09-04 08:24:06,966 INFO org.apache.hadoop.hdfs.server.namenode.FSNamesystem: fsOwner             = hdfs (auth:SIMPLE)
2017-09-04 08:24:06,966 INFO org.apache.hadoop.hdfs.server.namenode.FSNamesystem: supergroup          = hadoop
2017-09-04 08:24:06,966 INFO org.apache.hadoop.hdfs.server.namenode.FSNamesystem: isPermissionEnabled = true
2017-09-04 08:24:06,966 INFO org.apache.hadoop.hdfs.server.namenode.FSNamesystem: HA Enabled: false
2017-09-04 08:24:06,970 INFO org.apache.hadoop.hdfs.server.namenode.FSNamesystem: Append Enabled: true
2017-09-04 08:24:07,077 INFO org.apache.hadoop.util.GSet: Computing capacity for map INodeMap
2017-09-04 08:24:07,077 INFO org.apache.hadoop.util.GSet: VM type       = 64-bit
2017-09-04 08:24:07,078 INFO org.apache.hadoop.util.GSet: 1.0% max memory 889 MB = 8.9 MB
2017-09-04 08:24:07,078 INFO org.apache.hadoop.util.GSet: capacity      = 2^20 = 1048576 entries
2017-09-04 08:24:07,089 INFO org.apache.hadoop.util.GSet: Computing capacity for map cachedBlocks
2017-09-04 08:24:07,091 INFO org.apache.hadoop.util.GSet: VM type       = 64-bit
2017-09-04 08:24:07,091 INFO org.apache.hadoop.util.GSet: 0.25% max memory 889 MB = 2.2 MB
2017-09-04 08:24:07,091 INFO org.apache.hadoop.util.GSet: capacity      = 2^18 = 262144 entries
2017-09-04 08:24:07,093 INFO org.apache.hadoop.hdfs.server.namenode.FSNamesystem: dfs.namenode.safemode.threshold-pct = 0.9990000128746033
2017-09-04 08:24:07,093 INFO org.apache.hadoop.hdfs.server.namenode.FSNamesystem: dfs.namenode.safemode.min.datanodes = 0
2017-09-04 08:24:07,093 INFO org.apache.hadoop.hdfs.server.namenode.FSNamesystem: dfs.namenode.safemode.extension     = 30000
2017-09-04 08:24:07,099 INFO org.apache.hadoop.hdfs.server.namenode.FSNamesystem: Retry cache on namenode is enabled
2017-09-04 08:24:07,101 INFO org.apache.hadoop.hdfs.server.namenode.FSNamesystem: Retry cache will use 0.03 of total heap and retry cache entry expiry time is 600000 millis
2017-09-04 08:24:07,112 INFO org.apache.hadoop.util.GSet: Computing capacity for map NameNodeRetryCache
2017-09-04 08:24:07,116 INFO org.apache.hadoop.util.GSet: VM type       = 64-bit
2017-09-04 08:24:07,116 INFO org.apache.hadoop.util.GSet: 0.029999999329447746% max memory 889 MB = 273.1 KB
2017-09-04 08:24:07,116 INFO org.apache.hadoop.util.GSet: capacity      = 2^15 = 32768 entries
2017-09-04 08:24:07,120 INFO org.apache.hadoop.hdfs.server.namenode.FSNamesystem: ACLs enabled? false
2017-09-04 08:24:07,120 INFO org.apache.hadoop.hdfs.server.namenode.FSNamesystem: XAttrs enabled? true
2017-09-04 08:24:07,123 INFO org.apache.hadoop.hdfs.server.namenode.FSNamesystem: Maximum size of an xattr: 16384
2017-09-04 08:24:07,142 INFO org.apache.hadoop.hdfs.server.common.Storage: Lock on /data/1/dfs/nn/in_use.lock acquired by nodename 30@f0d13a572731
2017-09-04 08:24:07,331 INFO org.apache.hadoop.hdfs.server.namenode.FileJournalManager: Recovering unfinalized segments in /data/1/dfs/nn/current
2017-09-04 08:24:07,332 INFO org.apache.hadoop.hdfs.server.namenode.FSImage: No edit log streams selected.
2017-09-04 08:24:07,332 INFO org.apache.hadoop.hdfs.server.namenode.FSImage: Planning to load image: FSImageFile(file=/data/1/dfs/nn/current/fsimage_0000000000000000000, cpktTxId=0000000000000000000)
2017-09-04 08:24:07,398 INFO org.apache.hadoop.hdfs.server.namenode.FSImageFormatPBINode: Loading 1 INodes.
2017-09-04 08:24:07,438 INFO org.apache.hadoop.hdfs.server.namenode.FSImage: Loaded image for txid 0 from /data/1/dfs/nn/current/fsimage_0000000000000000000
2017-09-04 08:24:07,574 INFO org.apache.hadoop.hdfs.server.namenode.FSNamesystem: Need to save fs image? false (staleImage=false, haEnabled=false, isRollingUpgrade=false)
2017-09-04 08:24:07,581 INFO org.apache.hadoop.hdfs.server.namenode.FSEditLog: Starting log segment at 1
2017-09-04 08:24:07,792 INFO org.apache.hadoop.hdfs.server.namenode.NameCache: initialized with 0 entries 0 lookups
2017-09-04 08:24:07,792 INFO org.apache.hadoop.hdfs.server.namenode.FSNamesystem: Finished loading FSImage in 668 msecs
2017-09-04 08:24:08,093 INFO org.apache.hadoop.ipc.CallQueueManager: Using callQueue: class java.util.concurrent.LinkedBlockingQueue queueCapacity: 1000
2017-09-04 08:24:08,111 INFO org.apache.hadoop.ipc.Server: Starting Socket Reader #1 for port 8020
2017-09-04 08:24:08,387 INFO org.apache.hadoop.hdfs.server.namenode.FSNamesystem: Registered FSNamesystemState MBean
2017-09-04 08:24:08,431 INFO org.apache.hadoop.hdfs.server.namenode.LeaseManager: Number of blocks under construction: 0
2017-09-04 08:24:08,432 INFO org.apache.hadoop.hdfs.server.namenode.FSNamesystem: initializing replication queues
2017-09-04 08:24:08,523 INFO org.apache.hadoop.ipc.Server: IPC Server Responder: starting
2017-09-04 08:24:08,528 INFO org.apache.hadoop.ipc.Server: IPC Server listener on 8020: starting
2017-09-04 08:24:08,534 INFO org.apache.hadoop.hdfs.server.namenode.FSNamesystem: Starting services required for active state
2017-09-04 09:09:00,856 INFO org.apache.hadoop.util.JvmPauseMonitor: Detected pause in JVM or host machine (eg GC): pause of approximately 1887ms
No GCs detected
