2017-09-04 07:23:31,328 INFO org.apache.hadoop.metrics2.impl.MetricsConfig: loaded properties from hadoop-metrics2.properties
2017-09-04 07:23:31,475 INFO org.apache.hadoop.metrics2.impl.MetricsSystemImpl: Scheduled snapshot period at 10 second(s).
2017-09-04 07:23:31,475 INFO org.apache.hadoop.metrics2.impl.MetricsSystemImpl: NameNode metrics system started
2017-09-04 07:23:31,854 INFO org.apache.hadoop.util.JvmPauseMonitor: Starting JVM pause monitor
2017-09-04 07:23:31,868 INFO org.apache.hadoop.hdfs.DFSUtil: Starting Web-server for hdfs at: http://master:50070
2017-09-04 07:23:31,983 INFO org.apache.hadoop.http.HttpRequestLog: Http request log for http.requests.namenode is not defined
2017-09-04 07:23:32,007 INFO org.apache.hadoop.http.HttpServer2: Added global filter 'safety' (class=org.apache.hadoop.http.HttpServer2$QuotingInputFilter)
2017-09-04 07:23:32,010 INFO org.apache.hadoop.http.HttpServer2: Added filter static_user_filter (class=org.apache.hadoop.http.lib.StaticUserWebFilter$StaticUserFilter) to context hdfs
2017-09-04 07:23:32,012 INFO org.apache.hadoop.http.HttpServer2: Added filter static_user_filter (class=org.apache.hadoop.http.lib.StaticUserWebFilter$StaticUserFilter) to context static
2017-09-04 07:23:32,012 INFO org.apache.hadoop.http.HttpServer2: Added filter static_user_filter (class=org.apache.hadoop.http.lib.StaticUserWebFilter$StaticUserFilter) to context logs
2017-09-04 07:23:32,371 INFO org.apache.hadoop.http.HttpServer2: Added filter 'org.apache.hadoop.hdfs.web.AuthFilter' (class=org.apache.hadoop.hdfs.web.AuthFilter)
2017-09-04 07:23:32,380 INFO org.apache.hadoop.http.HttpServer2: addJerseyResourcePackage: packageName=org.apache.hadoop.hdfs.server.namenode.web.resources;org.apache.hadoop.hdfs.web.resources, pathSpec=/webhdfs/v1/*
2017-09-04 07:23:32,402 INFO org.apache.hadoop.http.HttpServer2: Jetty bound to port 50070
2017-09-04 07:23:32,891 WARN org.apache.hadoop.hdfs.server.namenode.FSNamesystem: Only one image storage directory (dfs.namenode.name.dir) configured. Beware of data loss due to lack of redundant storage directories!
2017-09-04 07:23:32,894 WARN org.apache.hadoop.hdfs.server.namenode.FSNamesystem: Only one namespace edits storage directory (dfs.namenode.edits.dir) configured. Beware of data loss due to lack of redundant storage directories!
2017-09-04 07:23:32,946 INFO org.apache.hadoop.hdfs.server.namenode.FSEditLog: Edit logging is async:false
2017-09-04 07:23:32,957 INFO org.apache.hadoop.hdfs.server.namenode.FSNamesystem: No KeyProvider found.
2017-09-04 07:23:32,969 INFO org.apache.hadoop.hdfs.server.namenode.FSNamesystem: fsLock is fair: true
2017-09-04 07:23:33,081 INFO org.apache.hadoop.util.GSet: Computing capacity for map BlocksMap
2017-09-04 07:23:33,081 INFO org.apache.hadoop.util.GSet: VM type       = 64-bit
2017-09-04 07:23:33,083 INFO org.apache.hadoop.util.GSet: 2.0% max memory 889 MB = 17.8 MB
2017-09-04 07:23:33,083 INFO org.apache.hadoop.util.GSet: capacity      = 2^21 = 2097152 entries
2017-09-04 07:23:33,126 INFO org.apache.hadoop.hdfs.server.namenode.FSNamesystem: fsOwner             = hdfs (auth:SIMPLE)
2017-09-04 07:23:33,126 INFO org.apache.hadoop.hdfs.server.namenode.FSNamesystem: supergroup          = hadoop
2017-09-04 07:23:33,126 INFO org.apache.hadoop.hdfs.server.namenode.FSNamesystem: isPermissionEnabled = true
2017-09-04 07:23:33,126 INFO org.apache.hadoop.hdfs.server.namenode.FSNamesystem: HA Enabled: false
2017-09-04 07:23:33,128 INFO org.apache.hadoop.hdfs.server.namenode.FSNamesystem: Append Enabled: true
2017-09-04 07:23:33,251 INFO org.apache.hadoop.util.GSet: Computing capacity for map INodeMap
2017-09-04 07:23:33,262 INFO org.apache.hadoop.util.GSet: VM type       = 64-bit
2017-09-04 07:23:33,263 INFO org.apache.hadoop.util.GSet: 1.0% max memory 889 MB = 8.9 MB
2017-09-04 07:23:33,263 INFO org.apache.hadoop.util.GSet: capacity      = 2^20 = 1048576 entries
2017-09-04 07:23:33,273 INFO org.apache.hadoop.util.GSet: Computing capacity for map cachedBlocks
2017-09-04 07:23:33,277 INFO org.apache.hadoop.util.GSet: VM type       = 64-bit
2017-09-04 07:23:33,278 INFO org.apache.hadoop.util.GSet: 0.25% max memory 889 MB = 2.2 MB
2017-09-04 07:23:33,278 INFO org.apache.hadoop.util.GSet: capacity      = 2^18 = 262144 entries
2017-09-04 07:23:33,280 INFO org.apache.hadoop.hdfs.server.namenode.FSNamesystem: dfs.namenode.safemode.threshold-pct = 0.9990000128746033
2017-09-04 07:23:33,281 INFO org.apache.hadoop.hdfs.server.namenode.FSNamesystem: dfs.namenode.safemode.min.datanodes = 0
2017-09-04 07:23:33,281 INFO org.apache.hadoop.hdfs.server.namenode.FSNamesystem: dfs.namenode.safemode.extension     = 30000
2017-09-04 07:23:33,286 INFO org.apache.hadoop.hdfs.server.namenode.FSNamesystem: Retry cache on namenode is enabled
2017-09-04 07:23:33,288 INFO org.apache.hadoop.hdfs.server.namenode.FSNamesystem: Retry cache will use 0.03 of total heap and retry cache entry expiry time is 600000 millis
2017-09-04 07:23:33,294 INFO org.apache.hadoop.util.GSet: Computing capacity for map NameNodeRetryCache
2017-09-04 07:23:33,294 INFO org.apache.hadoop.util.GSet: VM type       = 64-bit
2017-09-04 07:23:33,294 INFO org.apache.hadoop.util.GSet: 0.029999999329447746% max memory 889 MB = 273.1 KB
2017-09-04 07:23:33,295 INFO org.apache.hadoop.util.GSet: capacity      = 2^15 = 32768 entries
2017-09-04 07:23:33,299 INFO org.apache.hadoop.hdfs.server.namenode.FSNamesystem: ACLs enabled? false
2017-09-04 07:23:33,299 INFO org.apache.hadoop.hdfs.server.namenode.FSNamesystem: XAttrs enabled? true
2017-09-04 07:23:33,311 INFO org.apache.hadoop.hdfs.server.namenode.FSNamesystem: Maximum size of an xattr: 16384
2017-09-04 07:23:33,328 INFO org.apache.hadoop.hdfs.server.common.Storage: Lock on /data/1/dfs/nn/in_use.lock acquired by nodename 30@81ac17e87df8
2017-09-04 07:23:33,460 INFO org.apache.hadoop.hdfs.server.namenode.FileJournalManager: Recovering unfinalized segments in /data/1/dfs/nn/current
2017-09-04 07:23:33,460 INFO org.apache.hadoop.hdfs.server.namenode.FSImage: No edit log streams selected.
2017-09-04 07:23:33,461 INFO org.apache.hadoop.hdfs.server.namenode.FSImage: Planning to load image: FSImageFile(file=/data/1/dfs/nn/current/fsimage_0000000000000000000, cpktTxId=0000000000000000000)
2017-09-04 07:23:33,521 INFO org.apache.hadoop.hdfs.server.namenode.FSImageFormatPBINode: Loading 1 INodes.
2017-09-04 07:23:33,553 INFO org.apache.hadoop.hdfs.server.namenode.FSImage: Loaded image for txid 0 from /data/1/dfs/nn/current/fsimage_0000000000000000000
2017-09-04 07:23:33,674 INFO org.apache.hadoop.hdfs.server.namenode.FSNamesystem: Need to save fs image? true (staleImage=true, haEnabled=false, isRollingUpgrade=false)
2017-09-04 07:23:33,683 INFO org.apache.hadoop.hdfs.server.namenode.FSImage: Save namespace ...
2017-09-04 07:23:33,774 INFO org.apache.hadoop.hdfs.server.namenode.NNStorageRetentionManager: Going to retain 1 images with txid >= 0
2017-09-04 07:23:33,787 INFO org.apache.hadoop.hdfs.server.namenode.FSEditLog: Starting log segment at 1
2017-09-04 07:23:33,967 INFO org.apache.hadoop.hdfs.server.namenode.NameCache: initialized with 0 entries 0 lookups
2017-09-04 07:23:33,967 INFO org.apache.hadoop.hdfs.server.namenode.FSNamesystem: Finished loading FSImage in 656 msecs
2017-09-04 07:23:34,238 INFO org.apache.hadoop.ipc.CallQueueManager: Using callQueue: class java.util.concurrent.LinkedBlockingQueue queueCapacity: 1000
2017-09-04 07:23:34,259 INFO org.apache.hadoop.ipc.Server: Starting Socket Reader #1 for port 8020
2017-09-04 07:23:34,468 INFO org.apache.hadoop.hdfs.server.namenode.FSNamesystem: Registered FSNamesystemState MBean
2017-09-04 07:23:34,517 INFO org.apache.hadoop.hdfs.server.namenode.LeaseManager: Number of blocks under construction: 0
2017-09-04 07:23:34,517 INFO org.apache.hadoop.hdfs.server.namenode.FSNamesystem: initializing replication queues
2017-09-04 07:23:34,687 INFO org.apache.hadoop.ipc.Server: IPC Server Responder: starting
2017-09-04 07:23:34,702 INFO org.apache.hadoop.ipc.Server: IPC Server listener on 8020: starting
2017-09-04 07:23:34,735 INFO org.apache.hadoop.hdfs.server.namenode.FSNamesystem: Starting services required for active state
