2017-09-04 07:47:02,185 INFO org.apache.hadoop.yarn.server.resourcemanager.ResourceManager: STARTUP_MSG: 
/************************************************************
STARTUP_MSG: Starting ResourceManager
STARTUP_MSG:   user = yarn
STARTUP_MSG:   host = 905e0df09bff/172.24.0.2
STARTUP_MSG:   args = []
STARTUP_MSG:   version = 2.6.0-cdh5.12.1
STARTUP_MSG:   classpath = /etc/hadoop/conf:/etc/hadoop/conf:/etc/hadoop/conf:/usr/lib/hadoop/lib/logredactor-1.0.3.jar:/usr/lib/hadoop/lib/jsch-0.1.42.jar:/usr/lib/hadoop/lib/azure-data-lake-store-sdk-2.1.4.jar:/usr/lib/hadoop/lib/slf4j-log4j12.jar:/usr/lib/hadoop/lib/apacheds-kerberos-codec-2.0.0-M15.jar:/usr/lib/hadoop/lib/stax-api-1.0-2.jar:/usr/lib/hadoop/lib/httpclient-4.2.5.jar:/usr/lib/hadoop/lib/commons-httpclient-3.1.jar:/usr/lib/hadoop/lib/netty-3.10.5.Final.jar:/usr/lib/hadoop/lib/commons-el-1.0.jar:/usr/lib/hadoop/lib/commons-cli-1.2.jar:/usr/lib/hadoop/lib/jetty-6.1.26.cloudera.4.jar:/usr/lib/hadoop/lib/protobuf-java-2.5.0.jar:/usr/lib/hadoop/lib/curator-recipes-2.7.1.jar:/usr/lib/hadoop/lib/jersey-json-1.9.jar:/usr/lib/hadoop/lib/commons-math3-3.1.1.jar:/usr/lib/hadoop/lib/junit-4.11.jar:/usr/lib/hadoop/lib/commons-lang-2.6.jar:/usr/lib/hadoop/lib/jackson-jaxrs-1.8.8.jar:/usr/lib/hadoop/lib/aws-java-sdk-bundle-1.11.134.jar:/usr/lib/hadoop/lib/jaxb-api-2.2.2.jar:/usr/lib/hadoop/lib/commons-configuration-1.6.jar:/usr/lib/hadoop/lib/guava-11.0.2.jar:/usr/lib/hadoop/lib/activation-1.1.jar:/usr/lib/hadoop/lib/log4j-1.2.17.jar:/usr/lib/hadoop/lib/servlet-api-2.5.jar:/usr/lib/hadoop/lib/jasper-runtime-5.5.23.jar:/usr/lib/hadoop/lib/api-util-1.0.0-M20.jar:/usr/lib/hadoop/lib/commons-collections-3.2.2.jar:/usr/lib/hadoop/lib/jets3t-0.9.0.jar:/usr/lib/hadoop/lib/jetty-util-6.1.26.cloudera.4.jar:/usr/lib/hadoop/lib/httpcore-4.2.5.jar:/usr/lib/hadoop/lib/jersey-server-1.9.jar:/usr/lib/hadoop/lib/commons-beanutils-core-1.8.0.jar:/usr/lib/hadoop/lib/jasper-compiler-5.5.23.jar:/usr/lib/hadoop/lib/jersey-core-1.9.jar:/usr/lib/hadoop/lib/mockito-all-1.8.5.jar:/usr/lib/hadoop/lib/asm-3.2.jar:/usr/lib/hadoop/lib/jsr305-3.0.0.jar:/usr/lib/hadoop/lib/gson-2.2.4.jar:/usr/lib/hadoop/lib/commons-net-3.1.jar:/usr/lib/hadoop/lib/jsp-api-2.1.jar:/usr/lib/hadoop/lib/commons-io-2.4.jar:/usr/lib/hadoop/lib/xmlenc-0.52.jar:/usr/lib/hadoop/lib/commons-beanutils-1.9.2.jar:/usr/lib/hadoop/lib/commons-logging-1.1.3.jar:/usr/lib/hadoop/lib/curator-framework-2.7.1.jar:/usr/lib/hadoop/lib/commons-codec-1.4.jar:/usr/lib/hadoop/lib/snappy-java-1.0.4.1.jar:/usr/lib/hadoop/lib/hamcrest-core-1.3.jar:/usr/lib/hadoop/lib/slf4j-api-1.7.5.jar:/usr/lib/hadoop/lib/avro.jar:/usr/lib/hadoop/lib/jaxb-impl-2.2.3-1.jar:/usr/lib/hadoop/lib/api-asn1-api-1.0.0-M20.jar:/usr/lib/hadoop/lib/jettison-1.1.jar:/usr/lib/hadoop/lib/paranamer-2.3.jar:/usr/lib/hadoop/lib/commons-compress-1.4.1.jar:/usr/lib/hadoop/lib/zookeeper.jar:/usr/lib/hadoop/lib/curator-client-2.7.1.jar:/usr/lib/hadoop/lib/xz-1.0.jar:/usr/lib/hadoop/lib/java-xmlbuilder-0.4.jar:/usr/lib/hadoop/lib/commons-digester-1.8.jar:/usr/lib/hadoop/lib/htrace-core4-4.0.1-incubating.jar:/usr/lib/hadoop/lib/apacheds-i18n-2.0.0-M15.jar:/usr/lib/hadoop/lib/jackson-xc-1.8.8.jar:/usr/lib/hadoop/.//hadoop-auth.jar:/usr/lib/hadoop/.//parquet-hadoop-bundle.jar:/usr/lib/hadoop/.//hadoop-common-tests.jar:/usr/lib/hadoop/.//parquet-hadoop.jar:/usr/lib/hadoop/.//parquet-pig.jar:/usr/lib/hadoop/.//parquet-pig-bundle.jar:/usr/lib/hadoop/.//parquet-column.jar:/usr/lib/hadoop/.//hadoop-nfs.jar:/usr/lib/hadoop/.//hadoop-auth-2.6.0-cdh5.12.1.jar:/usr/lib/hadoop/.//hadoop-annotations.jar:/usr/lib/hadoop/.//hadoop-common-2.6.0-cdh5.12.1.jar:/usr/lib/hadoop/.//parquet-jackson.jar:/usr/lib/hadoop/.//hadoop-aws.jar:/usr/lib/hadoop/.//parquet-format-javadoc.jar:/usr/lib/hadoop/.//hadoop-nfs-2.6.0-cdh5.12.1.jar:/usr/lib/hadoop/.//hadoop-aws-2.6.0-cdh5.12.1.jar:/usr/lib/hadoop/.//parquet-avro.jar:/usr/lib/hadoop/.//parquet-cascading.jar:/usr/lib/hadoop/.//parquet-thrift.jar:/usr/lib/hadoop/.//parquet-scrooge_2.10.jar:/usr/lib/hadoop/.//parquet-tools.jar:/usr/lib/hadoop/.//parquet-format.jar:/usr/lib/hadoop/.//hadoop-common.jar:/usr/lib/hadoop/.//hadoop-annotations-2.6.0-cdh5.12.1.jar:/usr/lib/hadoop/.//parquet-common.jar:/usr/lib/hadoop/.//hadoop-common-2.6.0-cdh5.12.1-tests.jar:/usr/lib/hadoop/.//parquet-test-hadoop2.jar:/usr/lib/hadoop/.//parquet-format-sources.jar:/usr/lib/hadoop/.//parquet-encoding.jar:/usr/lib/hadoop/.//hadoop-azure-datalake-2.6.0-cdh5.12.1.jar:/usr/lib/hadoop/.//hadoop-azure-datalake.jar:/usr/lib/hadoop/.//parquet-generator.jar:/usr/lib/hadoop/.//parquet-scala_2.10.jar:/usr/lib/hadoop/.//parquet-protobuf.jar:/usr/lib/hadoop-hdfs/./:/usr/lib/hadoop-hdfs/lib/netty-3.10.5.Final.jar:/usr/lib/hadoop-hdfs/lib/commons-el-1.0.jar:/usr/lib/hadoop-hdfs/lib/commons-cli-1.2.jar:/usr/lib/hadoop-hdfs/lib/jetty-6.1.26.cloudera.4.jar:/usr/lib/hadoop-hdfs/lib/protobuf-java-2.5.0.jar:/usr/lib/hadoop-hdfs/lib/commons-daemon-1.0.13.jar:/usr/lib/hadoop-hdfs/lib/commons-lang-2.6.jar:/usr/lib/hadoop-hdfs/lib/guava-11.0.2.jar:/usr/lib/hadoop-hdfs/lib/log4j-1.2.17.jar:/usr/lib/hadoop-hdfs/lib/servlet-api-2.5.jar:/usr/lib/hadoop-hdfs/lib/jackson-core-asl-1.8.8.jar:/usr/lib/hadoop-hdfs/lib/jasper-runtime-5.5.23.jar:/usr/lib/hadoop-hdfs/lib/jackson-mapper-asl-1.8.8.jar:/usr/lib/hadoop-hdfs/lib/xml-apis-1.3.04.jar:/usr/lib/hadoop-hdfs/lib/jetty-util-6.1.26.cloudera.4.jar:/usr/lib/hadoop-hdfs/lib/jersey-server-1.9.jar:/usr/lib/hadoop-hdfs/lib/jersey-core-1.9.jar:/usr/lib/hadoop-hdfs/lib/asm-3.2.jar:/usr/lib/hadoop-hdfs/lib/jsr305-3.0.0.jar:/usr/lib/hadoop-hdfs/lib/jsp-api-2.1.jar:/usr/lib/hadoop-hdfs/lib/commons-io-2.4.jar:/usr/lib/hadoop-hdfs/lib/xmlenc-0.52.jar:/usr/lib/hadoop-hdfs/lib/commons-logging-1.1.3.jar:/usr/lib/hadoop-hdfs/lib/commons-codec-1.4.jar:/usr/lib/hadoop-hdfs/lib/leveldbjni-all-1.8.jar:/usr/lib/hadoop-hdfs/lib/xercesImpl-2.9.1.jar:/usr/lib/hadoop-hdfs/lib/htrace-core4-4.0.1-incubating.jar:/usr/lib/hadoop-hdfs/.//hadoop-hdfs-nfs-2.6.0-cdh5.12.1.jar:/usr/lib/hadoop-hdfs/.//hadoop-hdfs.jar:/usr/lib/hadoop-hdfs/.//hadoop-hdfs-2.6.0-cdh5.12.1-tests.jar:/usr/lib/hadoop-hdfs/.//hadoop-hdfs-nfs.jar:/usr/lib/hadoop-hdfs/.//hadoop-hdfs-tests.jar:/usr/lib/hadoop-hdfs/.//hadoop-hdfs-2.6.0-cdh5.12.1.jar:/usr/lib/hadoop-yarn/lib/stax-api-1.0-2.jar:/usr/lib/hadoop-yarn/lib/commons-cli-1.2.jar:/usr/lib/hadoop-yarn/lib/jetty-6.1.26.cloudera.4.jar:/usr/lib/hadoop-yarn/lib/protobuf-java-2.5.0.jar:/usr/lib/hadoop-yarn/lib/jersey-json-1.9.jar:/usr/lib/hadoop-yarn/lib/guice-3.0.jar:/usr/lib/hadoop-yarn/lib/commons-lang-2.6.jar:/usr/lib/hadoop-yarn/lib/jackson-jaxrs-1.8.8.jar:/usr/lib/hadoop-yarn/lib/jaxb-api-2.2.2.jar:/usr/lib/hadoop-yarn/lib/guava-11.0.2.jar:/usr/lib/hadoop-yarn/lib/activation-1.1.jar:/usr/lib/hadoop-yarn/lib/jersey-guice-1.9.jar:/usr/lib/hadoop-yarn/lib/log4j-1.2.17.jar:/usr/lib/hadoop-yarn/lib/servlet-api-2.5.jar:/usr/lib/hadoop-yarn/lib/jackson-core-asl-1.8.8.jar:/usr/lib/hadoop-yarn/lib/jackson-mapper-asl-1.8.8.jar:/usr/lib/hadoop-yarn/lib/guice-servlet-3.0.jar:/usr/lib/hadoop-yarn/lib/commons-collections-3.2.2.jar:/usr/lib/hadoop-yarn/lib/jetty-util-6.1.26.cloudera.4.jar:/usr/lib/hadoop-yarn/lib/javax.inject-1.jar:/usr/lib/hadoop-yarn/lib/jersey-server-1.9.jar:/usr/lib/hadoop-yarn/lib/jersey-core-1.9.jar:/usr/lib/hadoop-yarn/lib/asm-3.2.jar:/usr/lib/hadoop-yarn/lib/jsr305-3.0.0.jar:/usr/lib/hadoop-yarn/lib/jline-2.11.jar:/usr/lib/hadoop-yarn/lib/commons-io-2.4.jar:/usr/lib/hadoop-yarn/lib/aopalliance-1.0.jar:/usr/lib/hadoop-yarn/lib/commons-logging-1.1.3.jar:/usr/lib/hadoop-yarn/lib/commons-codec-1.4.jar:/usr/lib/hadoop-yarn/lib/leveldbjni-all-1.8.jar:/usr/lib/hadoop-yarn/lib/jaxb-impl-2.2.3-1.jar:/usr/lib/hadoop-yarn/lib/jettison-1.1.jar:/usr/lib/hadoop-yarn/lib/commons-compress-1.4.1.jar:/usr/lib/hadoop-yarn/lib/zookeeper.jar:/usr/lib/hadoop-yarn/lib/xz-1.0.jar:/usr/lib/hadoop-yarn/lib/jersey-client-1.9.jar:/usr/lib/hadoop-yarn/lib/jackson-xc-1.8.8.jar:/usr/lib/hadoop-yarn/.//hadoop-yarn-server-common-2.6.0-cdh5.12.1.jar:/usr/lib/hadoop-yarn/.//hadoop-yarn-server-nodemanager.jar:/usr/lib/hadoop-yarn/.//hadoop-yarn-server-resourcemanager.jar:/usr/lib/hadoop-yarn/.//hadoop-yarn-server-tests-2.6.0-cdh5.12.1.jar:/usr/lib/hadoop-yarn/.//hadoop-yarn-common.jar:/usr/lib/hadoop-yarn/.//hadoop-yarn-server-common.jar:/usr/lib/hadoop-yarn/.//hadoop-yarn-client.jar:/usr/lib/hadoop-yarn/.//hadoop-yarn-client-2.6.0-cdh5.12.1.jar:/usr/lib/hadoop-yarn/.//hadoop-yarn-common-2.6.0-cdh5.12.1.jar:/usr/lib/hadoop-yarn/.//hadoop-yarn-applications-distributedshell.jar:/usr/lib/hadoop-yarn/.//hadoop-yarn-server-applicationhistoryservice-2.6.0-cdh5.12.1.jar:/usr/lib/hadoop-yarn/.//hadoop-yarn-server-web-proxy-2.6.0-cdh5.12.1.jar:/usr/lib/hadoop-yarn/.//hadoop-yarn-applications-unmanaged-am-launcher-2.6.0-cdh5.12.1.jar:/usr/lib/hadoop-yarn/.//hadoop-yarn-applications-distributedshell-2.6.0-cdh5.12.1.jar:/usr/lib/hadoop-yarn/.//hadoop-yarn-api-2.6.0-cdh5.12.1.jar:/usr/lib/hadoop-yarn/.//hadoop-yarn-server-nodemanager-2.6.0-cdh5.12.1.jar:/usr/lib/hadoop-yarn/.//hadoop-yarn-applications-unmanaged-am-launcher.jar:/usr/lib/hadoop-yarn/.//hadoop-yarn-api.jar:/usr/lib/hadoop-yarn/.//hadoop-yarn-server-applicationhistoryservice.jar:/usr/lib/hadoop-yarn/.//hadoop-yarn-server-tests.jar:/usr/lib/hadoop-yarn/.//hadoop-yarn-server-resourcemanager-2.6.0-cdh5.12.1.jar:/usr/lib/hadoop-yarn/.//hadoop-yarn-server-web-proxy.jar:/usr/lib/hadoop-yarn/.//hadoop-yarn-registry.jar:/usr/lib/hadoop-yarn/.//hadoop-yarn-registry-2.6.0-cdh5.12.1.jar:/usr/lib/hadoop-mapreduce/lib/netty-3.10.5.Final.jar:/usr/lib/hadoop-mapreduce/lib/protobuf-java-2.5.0.jar:/usr/lib/hadoop-mapreduce/lib/guice-3.0.jar:/usr/lib/hadoop-mapreduce/lib/junit-4.11.jar:/usr/lib/hadoop-mapreduce/lib/jersey-guice-1.9.jar:/usr/lib/hadoop-mapreduce/lib/log4j-1.2.17.jar:/usr/lib/hadoop-mapreduce/lib/jackson-core-asl-1.8.8.jar:/usr/lib/hadoop-mapreduce/lib/jackson-mapper-asl-1.8.8.jar:/usr/lib/hadoop-mapreduce/lib/guice-servlet-3.0.jar:/usr/lib/hadoop-mapreduce/lib/javax.inject-1.jar:/usr/lib/hadoop-mapreduce/lib/jersey-server-1.9.jar:/usr/lib/hadoop-mapreduce/lib/jersey-core-1.9.jar:/usr/lib/hadoop-mapreduce/lib/asm-3.2.jar:/usr/lib/hadoop-mapreduce/lib/commons-io-2.4.jar:/usr/lib/hadoop-mapreduce/lib/aopalliance-1.0.jar:/usr/lib/hadoop-mapreduce/lib/snappy-java-1.0.4.1.jar:/usr/lib/hadoop-mapreduce/lib/hamcrest-core-1.3.jar:/usr/lib/hadoop-mapreduce/lib/leveldbjni-all-1.8.jar:/usr/lib/hadoop-mapreduce/lib/avro.jar:/usr/lib/hadoop-mapreduce/lib/paranamer-2.3.jar:/usr/lib/hadoop-mapreduce/lib/commons-compress-1.4.1.jar:/usr/lib/hadoop-mapreduce/lib/xz-1.0.jar:/usr/lib/hadoop-mapreduce/.//hadoop-azure-2.6.0-cdh5.12.1.jar:/usr/lib/hadoop-mapreduce/.//jsch-0.1.42.jar:/usr/lib/hadoop-mapreduce/.//jackson-annotations-2.2.3.jar:/usr/lib/hadoop-mapreduce/.//hadoop-ant.jar:/usr/lib/hadoop-mapreduce/.//hadoop-sls-2.6.0-cdh5.12.1.jar:/usr/lib/hadoop-mapreduce/.//apacheds-kerberos-codec-2.0.0-M15.jar:/usr/lib/hadoop-mapreduce/.//hadoop-openstack.jar:/usr/lib/hadoop-mapreduce/.//stax-api-1.0-2.jar:/usr/lib/hadoop-mapreduce/.//hadoop-mapreduce-client-app-2.6.0-cdh5.12.1.jar:/usr/lib/hadoop-mapreduce/.//hadoop-auth.jar:/usr/lib/hadoop-mapreduce/.//jackson-core-2.2.3.jar:/usr/lib/hadoop-mapreduce/.//hadoop-datajoin.jar:/usr/lib/hadoop-mapreduce/.//httpclient-4.2.5.jar:/usr/lib/hadoop-mapreduce/.//hadoop-archive-logs-2.6.0-cdh5.12.1.jar:/usr/lib/hadoop-mapreduce/.//commons-httpclient-3.1.jar:/usr/lib/hadoop-mapreduce/.//hadoop-datajoin-2.6.0-cdh5.12.1.jar:/usr/lib/hadoop-mapreduce/.//commons-el-1.0.jar:/usr/lib/hadoop-mapreduce/.//commons-cli-1.2.jar:/usr/lib/hadoop-mapreduce/.//hadoop-streaming.jar:/usr/lib/hadoop-mapreduce/.//hadoop-archives-2.6.0-cdh5.12.1.jar:/usr/lib/hadoop-mapreduce/.//jetty-6.1.26.cloudera.4.jar:/usr/lib/hadoop-mapreduce/.//protobuf-java-2.5.0.jar:/usr/lib/hadoop-mapreduce/.//curator-recipes-2.7.1.jar:/usr/lib/hadoop-mapreduce/.//jersey-json-1.9.jar:/usr/lib/hadoop-mapreduce/.//hadoop-mapreduce-client-app.jar:/usr/lib/hadoop-mapreduce/.//commons-math3-3.1.1.jar:/usr/lib/hadoop-mapreduce/.//hadoop-mapreduce-client-hs-2.6.0-cdh5.12.1.jar:/usr/lib/hadoop-mapreduce/.//junit-4.11.jar:/usr/lib/hadoop-mapreduce/.//commons-lang-2.6.jar:/usr/lib/hadoop-mapreduce/.//jackson-jaxrs-1.8.8.jar:/usr/lib/hadoop-mapreduce/.//hadoop-mapreduce-client-jobclient-tests.jar:/usr/lib/hadoop-mapreduce/.//hadoop-mapreduce-client-jobclient.jar:/usr/lib/hadoop-mapreduce/.//hadoop-gridmix-2.6.0-cdh5.12.1.jar:/usr/lib/hadoop-mapreduce/.//jaxb-api-2.2.2.jar:/usr/lib/hadoop-mapreduce/.//commons-configuration-1.6.jar:/usr/lib/hadoop-mapreduce/.//guava-11.0.2.jar:/usr/lib/hadoop-mapreduce/.//activation-1.1.jar:/usr/lib/hadoop-mapreduce/.//log4j-1.2.17.jar:/usr/lib/hadoop-mapreduce/.//servlet-api-2.5.jar:/usr/lib/hadoop-mapreduce/.//jackson-core-asl-1.8.8.jar:/usr/lib/hadoop-mapreduce/.//jasper-runtime-5.5.23.jar:/usr/lib/hadoop-mapreduce/.//jackson-mapper-asl-1.8.8.jar:/usr/lib/hadoop-mapreduce/.//hadoop-gridmix.jar:/usr/lib/hadoop-mapreduce/.//hadoop-auth-2.6.0-cdh5.12.1.jar:/usr/lib/hadoop-mapreduce/.//hadoop-mapreduce-client-core-2.6.0-cdh5.12.1.jar:/usr/lib/hadoop-mapreduce/.//api-util-1.0.0-M20.jar:/usr/lib/hadoop-mapreduce/.//commons-collections-3.2.2.jar:/usr/lib/hadoop-mapreduce/.//jets3t-0.9.0.jar:/usr/lib/hadoop-mapreduce/.//jetty-util-6.1.26.cloudera.4.jar:/usr/lib/hadoop-mapreduce/.//hadoop-mapreduce-client-hs-plugins.jar:/usr/lib/hadoop-mapreduce/.//httpcore-4.2.5.jar:/usr/lib/hadoop-mapreduce/.//jersey-server-1.9.jar:/usr/lib/hadoop-mapreduce/.//hadoop-mapreduce-client-common.jar:/usr/lib/hadoop-mapreduce/.//commons-beanutils-core-1.8.0.jar:/usr/lib/hadoop-mapreduce/.//jasper-compiler-5.5.23.jar:/usr/lib/hadoop-mapreduce/.//hadoop-distcp.jar:/usr/lib/hadoop-mapreduce/.//hadoop-ant-2.6.0-cdh5.12.1.jar:/usr/lib/hadoop-mapreduce/.//hadoop-extras.jar:/usr/lib/hadoop-mapreduce/.//hadoop-mapreduce-client-nativetask-2.6.0-cdh5.12.1.jar:/usr/lib/hadoop-mapreduce/.//jersey-core-1.9.jar:/usr/lib/hadoop-mapreduce/.//hadoop-openstack-2.6.0-cdh5.12.1.jar:/usr/lib/hadoop-mapreduce/.//hadoop-mapreduce-client-shuffle-2.6.0-cdh5.12.1.jar:/usr/lib/hadoop-mapreduce/.//mockito-all-1.8.5.jar:/usr/lib/hadoop-mapreduce/.//hadoop-mapreduce-examples.jar:/usr/lib/hadoop-mapreduce/.//okio-1.4.0.jar:/usr/lib/hadoop-mapreduce/.//asm-3.2.jar:/usr/lib/hadoop-mapreduce/.//jsr305-3.0.0.jar:/usr/lib/hadoop-mapreduce/.//gson-2.2.4.jar:/usr/lib/hadoop-mapreduce/.//commons-net-3.1.jar:/usr/lib/hadoop-mapreduce/.//jsp-api-2.1.jar:/usr/lib/hadoop-mapreduce/.//metrics-core-3.0.2.jar:/usr/lib/hadoop-mapreduce/.//hadoop-mapreduce-client-jobclient-2.6.0-cdh5.12.1-tests.jar:/usr/lib/hadoop-mapreduce/.//hadoop-rumen-2.6.0-cdh5.12.1.jar:/usr/lib/hadoop-mapreduce/.//hadoop-mapreduce-client-shuffle.jar:/usr/lib/hadoop-mapreduce/.//commons-io-2.4.jar:/usr/lib/hadoop-mapreduce/.//xmlenc-0.52.jar:/usr/lib/hadoop-mapreduce/.//commons-beanutils-1.9.2.jar:/usr/lib/hadoop-mapreduce/.//hadoop-mapreduce-examples-2.6.0-cdh5.12.1.jar:/usr/lib/hadoop-mapreduce/.//hadoop-mapreduce-client-common-2.6.0-cdh5.12.1.jar:/usr/lib/hadoop-mapreduce/.//commons-logging-1.1.3.jar:/usr/lib/hadoop-mapreduce/.//hadoop-azure.jar:/usr/lib/hadoop-mapreduce/.//hadoop-archive-logs.jar:/usr/lib/hadoop-mapreduce/.//hadoop-mapreduce-client-hs.jar:/usr/lib/hadoop-mapreduce/.//microsoft-windowsazure-storage-sdk-0.6.0.jar:/usr/lib/hadoop-mapreduce/.//curator-framework-2.7.1.jar:/usr/lib/hadoop-mapreduce/.//hadoop-sls.jar:/usr/lib/hadoop-mapreduce/.//commons-codec-1.4.jar:/usr/lib/hadoop-mapreduce/.//snappy-java-1.0.4.1.jar:/usr/lib/hadoop-mapreduce/.//hamcrest-core-1.3.jar:/usr/lib/hadoop-mapreduce/.//hadoop-distcp-2.6.0-cdh5.12.1.jar:/usr/lib/hadoop-mapreduce/.//hadoop-mapreduce-client-jobclient-2.6.0-cdh5.12.1.jar:/usr/lib/hadoop-mapreduce/.//avro.jar:/usr/lib/hadoop-mapreduce/.//jaxb-impl-2.2.3-1.jar:/usr/lib/hadoop-mapreduce/.//api-asn1-api-1.0.0-M20.jar:/usr/lib/hadoop-mapreduce/.//hadoop-mapreduce-client-core.jar:/usr/lib/hadoop-mapreduce/.//jettison-1.1.jar:/usr/lib/hadoop-mapreduce/.//okhttp-2.4.0.jar:/usr/lib/hadoop-mapreduce/.//paranamer-2.3.jar:/usr/lib/hadoop-mapreduce/.//commons-compress-1.4.1.jar:/usr/lib/hadoop-mapreduce/.//jackson-databind-2.2.3.jar:/usr/lib/hadoop-mapreduce/.//zookeeper.jar:/usr/lib/hadoop-mapreduce/.//curator-client-2.7.1.jar:/usr/lib/hadoop-mapreduce/.//hadoop-rumen.jar:/usr/lib/hadoop-mapreduce/.//xz-1.0.jar:/usr/lib/hadoop-mapreduce/.//java-xmlbuilder-0.4.jar:/usr/lib/hadoop-mapreduce/.//hadoop-mapreduce-client-nativetask.jar:/usr/lib/hadoop-mapreduce/.//commons-digester-1.8.jar:/usr/lib/hadoop-mapreduce/.//htrace-core4-4.0.1-incubating.jar:/usr/lib/hadoop-mapreduce/.//hadoop-mapreduce-client-hs-plugins-2.6.0-cdh5.12.1.jar:/usr/lib/hadoop-mapreduce/.//apacheds-i18n-2.0.0-M15.jar:/usr/lib/hadoop-mapreduce/.//jackson-xc-1.8.8.jar:/usr/lib/hadoop-mapreduce/.//hadoop-extras-2.6.0-cdh5.12.1.jar:/usr/lib/hadoop-mapreduce/.//hadoop-streaming-2.6.0-cdh5.12.1.jar:/usr/lib/hadoop-mapreduce/.//hadoop-archives.jar::/usr/share/java/slf4j-simple.jar:/usr/share/java/slf4j-simple.jar:/usr/lib/hadoop-yarn/.//hadoop-yarn-server-common-2.6.0-cdh5.12.1.jar:/usr/lib/hadoop-yarn/.//hadoop-yarn-server-nodemanager.jar:/usr/lib/hadoop-yarn/.//hadoop-yarn-server-resourcemanager.jar:/usr/lib/hadoop-yarn/.//hadoop-yarn-server-tests-2.6.0-cdh5.12.1.jar:/usr/lib/hadoop-yarn/.//hadoop-yarn-common.jar:/usr/lib/hadoop-yarn/.//hadoop-yarn-server-common.jar:/usr/lib/hadoop-yarn/.//hadoop-yarn-client.jar:/usr/lib/hadoop-yarn/.//hadoop-yarn-client-2.6.0-cdh5.12.1.jar:/usr/lib/hadoop-yarn/.//hadoop-yarn-common-2.6.0-cdh5.12.1.jar:/usr/lib/hadoop-yarn/.//hadoop-yarn-applications-distributedshell.jar:/usr/lib/hadoop-yarn/.//hadoop-yarn-server-applicationhistoryservice-2.6.0-cdh5.12.1.jar:/usr/lib/hadoop-yarn/.//hadoop-yarn-server-web-proxy-2.6.0-cdh5.12.1.jar:/usr/lib/hadoop-yarn/.//hadoop-yarn-applications-unmanaged-am-launcher-2.6.0-cdh5.12.1.jar:/usr/lib/hadoop-yarn/.//hadoop-yarn-applications-distributedshell-2.6.0-cdh5.12.1.jar:/usr/lib/hadoop-yarn/.//hadoop-yarn-api-2.6.0-cdh5.12.1.jar:/usr/lib/hadoop-yarn/.//hadoop-yarn-server-nodemanager-2.6.0-cdh5.12.1.jar:/usr/lib/hadoop-yarn/.//hadoop-yarn-applications-unmanaged-am-launcher.jar:/usr/lib/hadoop-yarn/.//hadoop-yarn-api.jar:/usr/lib/hadoop-yarn/.//hadoop-yarn-server-applicationhistoryservice.jar:/usr/lib/hadoop-yarn/.//hadoop-yarn-server-tests.jar:/usr/lib/hadoop-yarn/.//hadoop-yarn-server-resourcemanager-2.6.0-cdh5.12.1.jar:/usr/lib/hadoop-yarn/.//hadoop-yarn-server-web-proxy.jar:/usr/lib/hadoop-yarn/.//hadoop-yarn-registry.jar:/usr/lib/hadoop-yarn/.//hadoop-yarn-registry-2.6.0-cdh5.12.1.jar:/usr/lib/hadoop-yarn/lib/stax-api-1.0-2.jar:/usr/lib/hadoop-yarn/lib/commons-cli-1.2.jar:/usr/lib/hadoop-yarn/lib/jetty-6.1.26.cloudera.4.jar:/usr/lib/hadoop-yarn/lib/protobuf-java-2.5.0.jar:/usr/lib/hadoop-yarn/lib/jersey-json-1.9.jar:/usr/lib/hadoop-yarn/lib/guice-3.0.jar:/usr/lib/hadoop-yarn/lib/commons-lang-2.6.jar:/usr/lib/hadoop-yarn/lib/jackson-jaxrs-1.8.8.jar:/usr/lib/hadoop-yarn/lib/jaxb-api-2.2.2.jar:/usr/lib/hadoop-yarn/lib/guava-11.0.2.jar:/usr/lib/hadoop-yarn/lib/activation-1.1.jar:/usr/lib/hadoop-yarn/lib/jersey-guice-1.9.jar:/usr/lib/hadoop-yarn/lib/log4j-1.2.17.jar:/usr/lib/hadoop-yarn/lib/servlet-api-2.5.jar:/usr/lib/hadoop-yarn/lib/jackson-core-asl-1.8.8.jar:/usr/lib/hadoop-yarn/lib/jackson-mapper-asl-1.8.8.jar:/usr/lib/hadoop-yarn/lib/guice-servlet-3.0.jar:/usr/lib/hadoop-yarn/lib/commons-collections-3.2.2.jar:/usr/lib/hadoop-yarn/lib/jetty-util-6.1.26.cloudera.4.jar:/usr/lib/hadoop-yarn/lib/javax.inject-1.jar:/usr/lib/hadoop-yarn/lib/jersey-server-1.9.jar:/usr/lib/hadoop-yarn/lib/jersey-core-1.9.jar:/usr/lib/hadoop-yarn/lib/asm-3.2.jar:/usr/lib/hadoop-yarn/lib/jsr305-3.0.0.jar:/usr/lib/hadoop-yarn/lib/jline-2.11.jar:/usr/lib/hadoop-yarn/lib/commons-io-2.4.jar:/usr/lib/hadoop-yarn/lib/aopalliance-1.0.jar:/usr/lib/hadoop-yarn/lib/commons-logging-1.1.3.jar:/usr/lib/hadoop-yarn/lib/commons-codec-1.4.jar:/usr/lib/hadoop-yarn/lib/leveldbjni-all-1.8.jar:/usr/lib/hadoop-yarn/lib/jaxb-impl-2.2.3-1.jar:/usr/lib/hadoop-yarn/lib/jettison-1.1.jar:/usr/lib/hadoop-yarn/lib/commons-compress-1.4.1.jar:/usr/lib/hadoop-yarn/lib/zookeeper.jar:/usr/lib/hadoop-yarn/lib/xz-1.0.jar:/usr/lib/hadoop-yarn/lib/jersey-client-1.9.jar:/usr/lib/hadoop-yarn/lib/jackson-xc-1.8.8.jar:/etc/hadoop/conf/rm-config/log4j.properties
STARTUP_MSG:   build = http://github.com/cloudera/hadoop -r 520d8b072e666e9f21d645ca6a5219fc37535a52 ; compiled by 'jenkins' on 2017-08-24T16:37Z
STARTUP_MSG:   java = 1.8.0_111
************************************************************/
2017-09-04 07:47:02,196 INFO org.apache.hadoop.yarn.server.resourcemanager.ResourceManager: registered UNIX signal handlers for [TERM, HUP, INT]
2017-09-04 07:47:02,412 INFO org.apache.hadoop.conf.Configuration: found resource core-site.xml at file:/etc/hadoop/conf.cdh5/core-site.xml
2017-09-04 07:47:02,496 INFO org.apache.hadoop.security.Groups: clearing userToGroupsMap cache
2017-09-04 07:47:02,552 INFO org.apache.hadoop.conf.Configuration: found resource yarn-site.xml at file:/etc/hadoop/conf.cdh5/yarn-site.xml
2017-09-04 07:47:02,700 INFO org.apache.hadoop.yarn.event.AsyncDispatcher: Registering class org.apache.hadoop.yarn.server.resourcemanager.RMFatalEventType for class org.apache.hadoop.yarn.server.resourcemanager.ResourceManager$RMFatalEventDispatcher
2017-09-04 07:47:02,748 INFO org.apache.hadoop.yarn.server.resourcemanager.security.NMTokenSecretManagerInRM: NMTokenKeyRollingInterval: 86400000ms and NMTokenKeyActivationDelay: 900000ms
2017-09-04 07:47:02,751 INFO org.apache.hadoop.yarn.server.resourcemanager.security.RMContainerTokenSecretManager: ContainerTokenKeyRollingInterval: 86400000ms and ContainerTokenKeyActivationDelay: 900000ms
2017-09-04 07:47:02,754 INFO org.apache.hadoop.yarn.server.resourcemanager.security.AMRMTokenSecretManager: AMRMTokenKeyRollingInterval: 86400000ms and AMRMTokenKeyActivationDelay: 900000 ms
2017-09-04 07:47:02,776 INFO org.apache.hadoop.yarn.event.AsyncDispatcher: Registering class org.apache.hadoop.yarn.server.resourcemanager.recovery.RMStateStoreEventType for class org.apache.hadoop.yarn.server.resourcemanager.recovery.RMStateStore$ForwardingEventHandler
2017-09-04 07:47:02,780 INFO org.apache.hadoop.yarn.event.AsyncDispatcher: Registering class org.apache.hadoop.yarn.server.resourcemanager.NodesListManagerEventType for class org.apache.hadoop.yarn.server.resourcemanager.NodesListManager
2017-09-04 07:47:02,780 INFO org.apache.hadoop.yarn.server.resourcemanager.ResourceManager: Using Scheduler: org.apache.hadoop.yarn.server.resourcemanager.scheduler.fair.FairScheduler
2017-09-04 07:47:02,802 INFO org.apache.hadoop.yarn.event.AsyncDispatcher: Registering class org.apache.hadoop.yarn.server.resourcemanager.scheduler.event.SchedulerEventType for class org.apache.hadoop.yarn.server.resourcemanager.ResourceManager$SchedulerEventDispatcher
2017-09-04 07:47:02,803 INFO org.apache.hadoop.yarn.event.AsyncDispatcher: Registering class org.apache.hadoop.yarn.server.resourcemanager.rmapp.RMAppEventType for class org.apache.hadoop.yarn.server.resourcemanager.ResourceManager$ApplicationEventDispatcher
2017-09-04 07:47:02,804 INFO org.apache.hadoop.yarn.event.AsyncDispatcher: Registering class org.apache.hadoop.yarn.server.resourcemanager.rmapp.attempt.RMAppAttemptEventType for class org.apache.hadoop.yarn.server.resourcemanager.ResourceManager$ApplicationAttemptEventDispatcher
2017-09-04 07:47:02,805 INFO org.apache.hadoop.yarn.event.AsyncDispatcher: Registering class org.apache.hadoop.yarn.server.resourcemanager.rmnode.RMNodeEventType for class org.apache.hadoop.yarn.server.resourcemanager.ResourceManager$NodeEventDispatcher
2017-09-04 07:47:02,862 INFO org.apache.hadoop.metrics2.impl.MetricsConfig: loaded properties from hadoop-metrics2.properties
2017-09-04 07:47:02,919 INFO org.apache.hadoop.metrics2.impl.MetricsSystemImpl: Scheduled snapshot period at 10 second(s).
2017-09-04 07:47:02,919 INFO org.apache.hadoop.metrics2.impl.MetricsSystemImpl: ResourceManager metrics system started
2017-09-04 07:47:02,930 INFO org.apache.hadoop.yarn.event.AsyncDispatcher: Registering class org.apache.hadoop.yarn.server.resourcemanager.RMAppManagerEventType for class org.apache.hadoop.yarn.server.resourcemanager.RMAppManager
2017-09-04 07:47:02,935 INFO org.apache.hadoop.yarn.event.AsyncDispatcher: Registering class org.apache.hadoop.yarn.server.resourcemanager.amlauncher.AMLauncherEventType for class org.apache.hadoop.yarn.server.resourcemanager.amlauncher.ApplicationMasterLauncher
2017-09-04 07:47:02,936 INFO org.apache.hadoop.yarn.server.resourcemanager.RMNMInfo: Registered RMNMInfo MBean
2017-09-04 07:47:02,938 INFO org.apache.hadoop.yarn.security.YarnAuthorizationProvider: org.apache.hadoop.yarn.security.ConfiguredYarnAuthorizer is instiantiated.
2017-09-04 07:47:02,938 INFO org.apache.hadoop.yarn.server.resourcemanager.metrics.SystemMetricsPublisher: YARN system metrics publishing service is not enabled
2017-09-04 07:47:02,939 INFO org.apache.hadoop.util.HostsFileReader: Refreshing hosts (include/exclude) list
2017-09-04 07:47:02,965 INFO org.apache.hadoop.yarn.server.resourcemanager.scheduler.fair.AllocationFileLoaderService: Loading allocation file /etc/hadoop/conf.cdh5/fair-scheduler.xml
2017-09-04 07:47:02,970 WARN org.apache.hadoop.yarn.server.resourcemanager.scheduler.fair.AllocationFileLoaderService: Bad element in allocations file: poolMaxJobsDefault
2017-09-04 07:47:02,970 WARN org.apache.hadoop.yarn.server.resourcemanager.scheduler.fair.AllocationFileLoaderService: Bad element in allocations file: userMaxJobsDefault
2017-09-04 07:47:02,985 INFO org.apache.hadoop.yarn.server.resourcemanager.ResourceManager: Transitioning to active state
2017-09-04 07:47:02,994 INFO org.apache.hadoop.yarn.server.resourcemanager.recovery.RMStateStore: Updating AMRMToken
2017-09-04 07:47:02,994 INFO org.apache.hadoop.yarn.server.resourcemanager.security.RMContainerTokenSecretManager: Rolling master-key for container-tokens
2017-09-04 07:47:02,995 INFO org.apache.hadoop.yarn.server.resourcemanager.security.NMTokenSecretManagerInRM: Rolling master-key for nm-tokens
2017-09-04 07:47:02,995 INFO org.apache.hadoop.security.token.delegation.AbstractDelegationTokenSecretManager: Updating the current master key for generating delegation tokens
2017-09-04 07:47:02,995 INFO org.apache.hadoop.yarn.server.resourcemanager.security.RMDelegationTokenSecretManager: storing master key with keyID 1
2017-09-04 07:47:02,996 INFO org.apache.hadoop.yarn.server.resourcemanager.recovery.RMStateStore: Storing RMDTMasterKey.
2017-09-04 07:47:02,996 INFO org.apache.hadoop.security.token.delegation.AbstractDelegationTokenSecretManager: Starting expired delegation token remover thread, tokenRemoverScanInterval=60 min(s)
2017-09-04 07:47:02,997 INFO org.apache.hadoop.security.token.delegation.AbstractDelegationTokenSecretManager: Updating the current master key for generating delegation tokens
2017-09-04 07:47:02,997 INFO org.apache.hadoop.yarn.server.resourcemanager.security.RMDelegationTokenSecretManager: storing master key with keyID 2
2017-09-04 07:47:02,997 INFO org.apache.hadoop.yarn.server.resourcemanager.recovery.RMStateStore: Storing RMDTMasterKey.
2017-09-04 07:47:03,016 INFO org.apache.hadoop.ipc.CallQueueManager: Using callQueue: class java.util.concurrent.LinkedBlockingQueue queueCapacity: 5000
2017-09-04 07:47:03,025 INFO org.apache.hadoop.ipc.Server: Starting Socket Reader #1 for port 8031
2017-09-04 07:47:03,144 INFO org.apache.hadoop.yarn.factories.impl.pb.RpcServerFactoryPBImpl: Adding protocol org.apache.hadoop.yarn.server.api.ResourceTrackerPB to the server
2017-09-04 07:47:03,145 INFO org.apache.hadoop.ipc.Server: IPC Server Responder: starting
2017-09-04 07:47:03,146 INFO org.apache.hadoop.ipc.Server: IPC Server listener on 8031: starting
2017-09-04 07:47:03,168 INFO org.apache.hadoop.util.JvmPauseMonitor: Starting JVM pause monitor
2017-09-04 07:47:03,174 INFO org.apache.hadoop.ipc.CallQueueManager: Using callQueue: class java.util.concurrent.LinkedBlockingQueue queueCapacity: 5000
2017-09-04 07:47:03,180 INFO org.apache.hadoop.ipc.Server: Starting Socket Reader #1 for port 8030
2017-09-04 07:47:03,186 INFO org.apache.hadoop.yarn.factories.impl.pb.RpcServerFactoryPBImpl: Adding protocol org.apache.hadoop.yarn.api.ApplicationMasterProtocolPB to the server
2017-09-04 07:47:03,188 INFO org.apache.hadoop.ipc.Server: IPC Server Responder: starting
2017-09-04 07:47:03,188 INFO org.apache.hadoop.ipc.Server: IPC Server listener on 8030: starting
2017-09-04 07:47:03,222 INFO org.apache.hadoop.ipc.CallQueueManager: Using callQueue: class java.util.concurrent.LinkedBlockingQueue queueCapacity: 5000
2017-09-04 07:47:03,223 INFO org.apache.hadoop.ipc.Server: Starting Socket Reader #1 for port 8032
2017-09-04 07:47:03,226 INFO org.apache.hadoop.yarn.factories.impl.pb.RpcServerFactoryPBImpl: Adding protocol org.apache.hadoop.yarn.api.ApplicationClientProtocolPB to the server
2017-09-04 07:47:03,226 INFO org.apache.hadoop.ipc.Server: IPC Server Responder: starting
2017-09-04 07:47:03,226 INFO org.apache.hadoop.ipc.Server: IPC Server listener on 8032: starting
2017-09-04 07:47:03,230 INFO org.apache.hadoop.yarn.server.resourcemanager.ResourceManager: Transitioned to active state
2017-09-04 07:47:03,285 INFO org.apache.hadoop.http.HttpRequestLog: Http request log for http.requests.resourcemanager is not defined
2017-09-04 07:47:03,294 INFO org.apache.hadoop.http.HttpServer2: Added global filter 'safety' (class=org.apache.hadoop.http.HttpServer2$QuotingInputFilter)
2017-09-04 07:47:03,298 INFO org.apache.hadoop.http.HttpServer2: Added filter RMAuthenticationFilter (class=org.apache.hadoop.yarn.server.security.http.RMAuthenticationFilter) to context cluster
2017-09-04 07:47:03,298 INFO org.apache.hadoop.http.HttpServer2: Added filter RMAuthenticationFilter (class=org.apache.hadoop.yarn.server.security.http.RMAuthenticationFilter) to context logs
2017-09-04 07:47:03,298 INFO org.apache.hadoop.http.HttpServer2: Added filter RMAuthenticationFilter (class=org.apache.hadoop.yarn.server.security.http.RMAuthenticationFilter) to context static
2017-09-04 07:47:03,299 INFO org.apache.hadoop.http.HttpServer2: Added filter static_user_filter (class=org.apache.hadoop.http.lib.StaticUserWebFilter$StaticUserFilter) to context cluster
2017-09-04 07:47:03,299 INFO org.apache.hadoop.http.HttpServer2: Added filter static_user_filter (class=org.apache.hadoop.http.lib.StaticUserWebFilter$StaticUserFilter) to context logs
2017-09-04 07:47:03,299 INFO org.apache.hadoop.http.HttpServer2: Added filter static_user_filter (class=org.apache.hadoop.http.lib.StaticUserWebFilter$StaticUserFilter) to context static
2017-09-04 07:47:03,303 INFO org.apache.hadoop.http.HttpServer2: adding path spec: /cluster/*
2017-09-04 07:47:03,303 INFO org.apache.hadoop.http.HttpServer2: adding path spec: /ws/*
2017-09-04 07:47:03,311 INFO org.apache.hadoop.http.HttpServer2: Jetty bound to port 8088
2017-09-04 07:47:03,550 INFO org.apache.hadoop.service.AbstractService: Service ResourceManager failed in state STARTED; cause: org.apache.hadoop.yarn.webapp.WebAppException: Error starting http server
org.apache.hadoop.yarn.webapp.WebAppException: Error starting http server
	at org.apache.hadoop.yarn.webapp.WebApps$Builder.start(WebApps.java:279)
	at org.apache.hadoop.yarn.server.resourcemanager.ResourceManager.startWepApp(ResourceManager.java:1071)
	at org.apache.hadoop.yarn.server.resourcemanager.ResourceManager.serviceStart(ResourceManager.java:1171)
	at org.apache.hadoop.service.AbstractService.start(AbstractService.java:193)
	at org.apache.hadoop.yarn.server.resourcemanager.ResourceManager.main(ResourceManager.java:1310)
Caused by: java.io.IOException: Problem in starting http server. Server handlers failed
	at org.apache.hadoop.http.HttpServer2.start(HttpServer2.java:907)
	at org.apache.hadoop.yarn.webapp.WebApps$Builder.start(WebApps.java:274)
	... 4 more
2017-09-04 07:47:03,551 INFO org.apache.hadoop.ipc.Server: Stopping server on 8032
2017-09-04 07:47:03,553 INFO org.apache.hadoop.ipc.Server: Stopping IPC Server listener on 8032
2017-09-04 07:47:03,553 INFO org.apache.hadoop.yarn.server.resourcemanager.ResourceManager: Transitioning to standby state
2017-09-04 07:47:03,554 WARN org.apache.hadoop.yarn.server.resourcemanager.amlauncher.ApplicationMasterLauncher: org.apache.hadoop.yarn.server.resourcemanager.amlauncher.ApplicationMasterLauncher$LauncherThread interrupted. Returning.
2017-09-04 07:47:03,554 INFO org.apache.hadoop.ipc.Server: Stopping IPC Server Responder
2017-09-04 07:47:03,555 INFO org.apache.hadoop.ipc.Server: Stopping server on 8030
2017-09-04 07:47:03,555 INFO org.apache.hadoop.ipc.Server: Stopping IPC Server Responder
2017-09-04 07:47:03,556 INFO org.apache.hadoop.ipc.Server: Stopping IPC Server listener on 8030
2017-09-04 07:47:03,556 INFO org.apache.hadoop.ipc.Server: Stopping server on 8031
2017-09-04 07:47:03,566 INFO org.apache.hadoop.ipc.Server: Stopping IPC Server Responder
2017-09-04 07:47:03,566 INFO org.apache.hadoop.yarn.util.AbstractLivelinessMonitor: NMLivelinessMonitor thread interrupted
2017-09-04 07:47:03,566 ERROR org.apache.hadoop.yarn.server.resourcemanager.ResourceManager: Returning, interrupted : java.lang.InterruptedException
2017-09-04 07:47:03,567 INFO org.apache.hadoop.ipc.Server: Stopping IPC Server listener on 8031
2017-09-04 07:47:03,567 WARN org.apache.hadoop.yarn.server.resourcemanager.scheduler.fair.FairScheduler: Update thread interrupted. Exiting.
2017-09-04 07:47:03,567 INFO org.apache.hadoop.yarn.server.resourcemanager.scheduler.fair.AllocationFileLoaderService: Interrupted while waiting to reload alloc configuration
2017-09-04 07:47:03,567 INFO org.apache.hadoop.yarn.util.AbstractLivelinessMonitor: AMLivelinessMonitor thread interrupted
2017-09-04 07:47:03,567 ERROR org.apache.hadoop.security.token.delegation.AbstractDelegationTokenSecretManager: ExpiredTokenRemover received java.lang.InterruptedException: sleep interrupted
2017-09-04 07:47:03,567 INFO org.apache.hadoop.yarn.util.AbstractLivelinessMonitor: org.apache.hadoop.yarn.server.resourcemanager.rmcontainer.ContainerAllocationExpirer thread interrupted
2017-09-04 07:47:03,567 INFO org.apache.hadoop.yarn.util.AbstractLivelinessMonitor: AMLivelinessMonitor thread interrupted
2017-09-04 07:47:03,568 INFO org.apache.hadoop.metrics2.impl.MetricsSystemImpl: Stopping ResourceManager metrics system...
2017-09-04 07:47:03,568 INFO org.apache.hadoop.metrics2.impl.MetricsSystemImpl: ResourceManager metrics system stopped.
2017-09-04 07:47:03,568 INFO org.apache.hadoop.metrics2.impl.MetricsSystemImpl: ResourceManager metrics system shutdown complete.
2017-09-04 07:47:03,568 INFO org.apache.hadoop.yarn.event.AsyncDispatcher: AsyncDispatcher is draining to stop, igonring any new events.
2017-09-04 07:47:03,569 INFO org.apache.hadoop.yarn.server.resourcemanager.ResourceManager: Transitioned to standby state
2017-09-04 07:47:03,569 FATAL org.apache.hadoop.yarn.server.resourcemanager.ResourceManager: Error starting ResourceManager
org.apache.hadoop.yarn.webapp.WebAppException: Error starting http server
	at org.apache.hadoop.yarn.webapp.WebApps$Builder.start(WebApps.java:279)
	at org.apache.hadoop.yarn.server.resourcemanager.ResourceManager.startWepApp(ResourceManager.java:1071)
	at org.apache.hadoop.yarn.server.resourcemanager.ResourceManager.serviceStart(ResourceManager.java:1171)
	at org.apache.hadoop.service.AbstractService.start(AbstractService.java:193)
	at org.apache.hadoop.yarn.server.resourcemanager.ResourceManager.main(ResourceManager.java:1310)
Caused by: java.io.IOException: Problem in starting http server. Server handlers failed
	at org.apache.hadoop.http.HttpServer2.start(HttpServer2.java:907)
	at org.apache.hadoop.yarn.webapp.WebApps$Builder.start(WebApps.java:274)
	... 4 more
2017-09-04 07:47:03,570 INFO org.apache.hadoop.yarn.server.resourcemanager.ResourceManager: SHUTDOWN_MSG: 
/************************************************************
SHUTDOWN_MSG: Shutting down ResourceManager at 905e0df09bff/172.24.0.2
************************************************************/
