[main] INFO org.mortbay.log - Logging to org.slf4j.impl.SimpleLogger(org.mortbay.log) via org.mortbay.log.Slf4jLog
[main] INFO org.apache.hadoop.security.authentication.server.AuthenticationFilter - Unable to initialize FileSignerSecretProvider, falling back to use random secrets.
[main] INFO org.mortbay.log - jetty-6.1.26.cloudera.4
[main] INFO org.mortbay.log - Extract jar:file:/usr/lib/hadoop-yarn/hadoop-yarn-common-2.6.0-cdh5.12.1.jar!/webapps/cluster to /tmp/Jetty_master_8088_cluster____i4ls4w/webapp
[main] WARN org.mortbay.log - failed RMAuthenticationFilter: java.lang.NoClassDefFoundError: org/apache/zookeeper/KeeperException$NoNodeException
[main] WARN org.mortbay.log - failed org.mortbay.jetty.webapp.WebAppContext@788fcafb{/,jar:file:/usr/lib/hadoop-yarn/hadoop-yarn-common-2.6.0-cdh5.12.1.jar!/webapps/cluster}: java.lang.NoClassDefFoundError: org/apache/zookeeper/KeeperException$NoNodeException
[main] INFO org.apache.hadoop.security.authentication.server.AuthenticationFilter - Unable to initialize FileSignerSecretProvider, falling back to use random secrets.
[main] WARN org.mortbay.log - failed RMAuthenticationFilter: java.lang.NoClassDefFoundError: org/apache/zookeeper/KeeperException$NoNodeException
[main] WARN org.mortbay.log - failed org.mortbay.jetty.servlet.Context@68be8808{/logs,file:/var/log/hadoop-yarn/}: java.lang.NoClassDefFoundError: org/apache/zookeeper/KeeperException$NoNodeException
[main] INFO org.apache.hadoop.security.authentication.server.AuthenticationFilter - Unable to initialize FileSignerSecretProvider, falling back to use random secrets.
[main] WARN org.mortbay.log - failed RMAuthenticationFilter: java.lang.NoClassDefFoundError: org/apache/zookeeper/KeeperException$NoNodeException
[main] WARN org.mortbay.log - failed org.mortbay.jetty.servlet.Context@758705fa{/static,jar:file:/usr/lib/hadoop-yarn/hadoop-yarn-common-2.6.0-cdh5.12.1.jar!/webapps/static}: java.lang.NoClassDefFoundError: org/apache/zookeeper/KeeperException$NoNodeException
[main] WARN org.mortbay.log - failed ContextHandlerCollection@1698ee84: org.mortbay.util.MultiException[java.lang.NoClassDefFoundError: org/apache/zookeeper/KeeperException$NoNodeException, java.lang.NoClassDefFoundError: org/apache/zookeeper/KeeperException$NoNodeException, java.lang.NoClassDefFoundError: org/apache/zookeeper/KeeperException$NoNodeException]
[main] WARN org.mortbay.log - Error starting handlers
org.mortbay.util.MultiException[java.lang.NoClassDefFoundError: org/apache/zookeeper/KeeperException$NoNodeException, java.lang.NoClassDefFoundError: org/apache/zookeeper/KeeperException$NoNodeException, java.lang.NoClassDefFoundError: org/apache/zookeeper/KeeperException$NoNodeException]
	at org.mortbay.jetty.handler.HandlerCollection.doStart(HandlerCollection.java:148)
	at org.mortbay.jetty.handler.ContextHandlerCollection.doStart(ContextHandlerCollection.java:156)
	at org.mortbay.component.AbstractLifeCycle.start(AbstractLifeCycle.java:50)
	at org.mortbay.jetty.handler.HandlerWrapper.doStart(HandlerWrapper.java:130)
	at org.mortbay.jetty.Server.doStart(Server.java:224)
	at org.mortbay.component.AbstractLifeCycle.start(AbstractLifeCycle.java:50)
	at org.apache.hadoop.http.HttpServer2.start(HttpServer2.java:895)
	at org.apache.hadoop.yarn.webapp.WebApps$Builder.start(WebApps.java:274)
	at org.apache.hadoop.yarn.server.resourcemanager.ResourceManager.startWepApp(ResourceManager.java:1071)
	at org.apache.hadoop.yarn.server.resourcemanager.ResourceManager.serviceStart(ResourceManager.java:1171)
	at org.apache.hadoop.service.AbstractService.start(AbstractService.java:193)
	at org.apache.hadoop.yarn.server.resourcemanager.ResourceManager.main(ResourceManager.java:1310)
java.lang.NoClassDefFoundError: org/apache/zookeeper/KeeperException$NoNodeException
	at org.apache.hadoop.security.token.delegation.web.DelegationTokenAuthenticationFilter.initializeAuthHandler(DelegationTokenAuthenticationFilter.java:211)
	at org.apache.hadoop.security.authentication.server.AuthenticationFilter.init(AuthenticationFilter.java:234)
	at org.apache.hadoop.security.token.delegation.web.DelegationTokenAuthenticationFilter.init(DelegationTokenAuthenticationFilter.java:180)
	at org.apache.hadoop.yarn.server.security.http.RMAuthenticationFilter.init(RMAuthenticationFilter.java:55)
	at org.mortbay.jetty.servlet.FilterHolder.doStart(FilterHolder.java:97)
	at org.mortbay.component.AbstractLifeCycle.start(AbstractLifeCycle.java:50)
	at org.mortbay.jetty.servlet.ServletHandler.initialize(ServletHandler.java:713)
	at org.mortbay.jetty.servlet.Context.startContext(Context.java:140)
	at org.mortbay.jetty.webapp.WebAppContext.startContext(WebAppContext.java:1282)
	at org.mortbay.jetty.handler.ContextHandler.doStart(ContextHandler.java:519)
	at org.mortbay.jetty.webapp.WebAppContext.doStart(WebAppContext.java:499)
	at org.mortbay.component.AbstractLifeCycle.start(AbstractLifeCycle.java:50)
	at org.mortbay.jetty.handler.HandlerCollection.doStart(HandlerCollection.java:152)
	at org.mortbay.jetty.handler.ContextHandlerCollection.doStart(ContextHandlerCollection.java:156)
	at org.mortbay.component.AbstractLifeCycle.start(AbstractLifeCycle.java:50)
	at org.mortbay.jetty.handler.HandlerWrapper.doStart(HandlerWrapper.java:130)
	at org.mortbay.jetty.Server.doStart(Server.java:224)
	at org.mortbay.component.AbstractLifeCycle.start(AbstractLifeCycle.java:50)
	at org.apache.hadoop.http.HttpServer2.start(HttpServer2.java:895)
	at org.apache.hadoop.yarn.webapp.WebApps$Builder.start(WebApps.java:274)
	at org.apache.hadoop.yarn.server.resourcemanager.ResourceManager.startWepApp(ResourceManager.java:1071)
	at org.apache.hadoop.yarn.server.resourcemanager.ResourceManager.serviceStart(ResourceManager.java:1171)
	at org.apache.hadoop.service.AbstractService.start(AbstractService.java:193)
	at org.apache.hadoop.yarn.server.resourcemanager.ResourceManager.main(ResourceManager.java:1310)
Caused by: java.lang.ClassNotFoundException: org.apache.zookeeper.KeeperException$NoNodeException
	at java.net.URLClassLoader.findClass(URLClassLoader.java:381)
	at java.lang.ClassLoader.loadClass(ClassLoader.java:424)
	at sun.misc.Launcher$AppClassLoader.loadClass(Launcher.java:331)
	at java.lang.ClassLoader.loadClass(ClassLoader.java:357)
	... 24 more
java.lang.NoClassDefFoundError: org/apache/zookeeper/KeeperException$NoNodeException
	at org.apache.hadoop.security.token.delegation.web.DelegationTokenAuthenticationFilter.initializeAuthHandler(DelegationTokenAuthenticationFilter.java:211)
	at org.apache.hadoop.security.authentication.server.AuthenticationFilter.init(AuthenticationFilter.java:234)
	at org.apache.hadoop.security.token.delegation.web.DelegationTokenAuthenticationFilter.init(DelegationTokenAuthenticationFilter.java:180)
	at org.apache.hadoop.yarn.server.security.http.RMAuthenticationFilter.init(RMAuthenticationFilter.java:55)
	at org.mortbay.jetty.servlet.FilterHolder.doStart(FilterHolder.java:97)
	at org.mortbay.component.AbstractLifeCycle.start(AbstractLifeCycle.java:50)
	at org.mortbay.jetty.servlet.ServletHandler.initialize(ServletHandler.java:713)
	at org.mortbay.jetty.servlet.Context.startContext(Context.java:140)
	at org.mortbay.jetty.handler.ContextHandler.doStart(ContextHandler.java:519)
	at org.mortbay.component.AbstractLifeCycle.start(AbstractLifeCycle.java:50)
	at org.mortbay.jetty.handler.HandlerCollection.doStart(HandlerCollection.java:152)
	at org.mortbay.jetty.handler.ContextHandlerCollection.doStart(ContextHandlerCollection.java:156)
	at org.mortbay.component.AbstractLifeCycle.start(AbstractLifeCycle.java:50)
	at org.mortbay.jetty.handler.HandlerWrapper.doStart(HandlerWrapper.java:130)
	at org.mortbay.jetty.Server.doStart(Server.java:224)
	at org.mortbay.component.AbstractLifeCycle.start(AbstractLifeCycle.java:50)
	at org.apache.hadoop.http.HttpServer2.start(HttpServer2.java:895)
	at org.apache.hadoop.yarn.webapp.WebApps$Builder.start(WebApps.java:274)
	at org.apache.hadoop.yarn.server.resourcemanager.ResourceManager.startWepApp(ResourceManager.java:1071)
	at org.apache.hadoop.yarn.server.resourcemanager.ResourceManager.serviceStart(ResourceManager.java:1171)
	at org.apache.hadoop.service.AbstractService.start(AbstractService.java:193)
	at org.apache.hadoop.yarn.server.resourcemanager.ResourceManager.main(ResourceManager.java:1310)
Caused by: java.lang.ClassNotFoundException: org.apache.zookeeper.KeeperException$NoNodeException
	at java.net.URLClassLoader.findClass(URLClassLoader.java:381)
	at java.lang.ClassLoader.loadClass(ClassLoader.java:424)
	at sun.misc.Launcher$AppClassLoader.loadClass(Launcher.java:331)
	at java.lang.ClassLoader.loadClass(ClassLoader.java:357)
	... 22 more
java.lang.NoClassDefFoundError: org/apache/zookeeper/KeeperException$NoNodeException
	at org.apache.hadoop.security.token.delegation.web.DelegationTokenAuthenticationFilter.initializeAuthHandler(DelegationTokenAuthenticationFilter.java:211)
	at org.apache.hadoop.security.authentication.server.AuthenticationFilter.init(AuthenticationFilter.java:234)
	at org.apache.hadoop.security.token.delegation.web.DelegationTokenAuthenticationFilter.init(DelegationTokenAuthenticationFilter.java:180)
	at org.apache.hadoop.yarn.server.security.http.RMAuthenticationFilter.init(RMAuthenticationFilter.java:55)
	at org.mortbay.jetty.servlet.FilterHolder.doStart(FilterHolder.java:97)
	at org.mortbay.component.AbstractLifeCycle.start(AbstractLifeCycle.java:50)
	at org.mortbay.jetty.servlet.ServletHandler.initialize(ServletHandler.java:713)
	at org.mortbay.jetty.servlet.Context.startContext(Context.java:140)
	at org.mortbay.jetty.handler.ContextHandler.doStart(ContextHandler.java:519)
	at org.mortbay.component.AbstractLifeCycle.start(AbstractLifeCycle.java:50)
	at org.mortbay.jetty.handler.HandlerCollection.doStart(HandlerCollection.java:152)
	at org.mortbay.jetty.handler.ContextHandlerCollection.doStart(ContextHandlerCollection.java:156)
	at org.mortbay.component.AbstractLifeCycle.start(AbstractLifeCycle.java:50)
	at org.mortbay.jetty.handler.HandlerWrapper.doStart(HandlerWrapper.java:130)
	at org.mortbay.jetty.Server.doStart(Server.java:224)
	at org.mortbay.component.AbstractLifeCycle.start(AbstractLifeCycle.java:50)
	at org.apache.hadoop.http.HttpServer2.start(HttpServer2.java:895)
	at org.apache.hadoop.yarn.webapp.WebApps$Builder.start(WebApps.java:274)
	at org.apache.hadoop.yarn.server.resourcemanager.ResourceManager.startWepApp(ResourceManager.java:1071)
	at org.apache.hadoop.yarn.server.resourcemanager.ResourceManager.serviceStart(ResourceManager.java:1171)
	at org.apache.hadoop.service.AbstractService.start(AbstractService.java:193)
	at org.apache.hadoop.yarn.server.resourcemanager.ResourceManager.main(ResourceManager.java:1310)
Caused by: java.lang.ClassNotFoundException: org.apache.zookeeper.KeeperException$NoNodeException
	at java.net.URLClassLoader.findClass(URLClassLoader.java:381)
	at java.lang.ClassLoader.loadClass(ClassLoader.java:424)
	at sun.misc.Launcher$AppClassLoader.loadClass(Launcher.java:331)
	at java.lang.ClassLoader.loadClass(ClassLoader.java:357)
	... 22 more
[main] INFO org.mortbay.log - Started HttpServer2$SelectChannelConnectorWithSafeStartup@master:8088
